# Training Log
# Format: [timestamp] epoch/total_epochs - time - metrics

[2025-06-09 11:04:56] LogFileLogger(filepath=/home/promise/jhernandez/3d-notebooks/3d/9jun25/9jun25/models/vit_pruebas_2/logs/model_train.log, flush_interval=1)
[2025-06-09 11:04:56] ModelCheckpoint(filepath=/home/promise/jhernandez/3d-notebooks/3d/9jun25/9jun25/models/vit_pruebas_2/models/vit_pruebas_2.pth, monitor=val_loss, verbose=True, save_best_only='True', mode=min, save_method=complete)
[2025-06-09 11:04:56] ReduceLROnPlateau(optimizer=Adam (
Parameter Group 0
    amsgrad: False
    betas: (0.9, 0.999)
    capturable: False
    decoupled_weight_decay: False
    differentiable: False
    eps: 1e-08
    foreach: None
    fused: None
    lr: 0.0001
    maximize: False
    weight_decay: 0
), mode=min, factor=0.1, patience='4', verbose=False, min_lr=1e-12)
[2025-06-09 11:04:56] EarlyStopping(patience=20, verbose=False, delta=0.0, filepath='/home/promise/jhernandez/3d-notebooks/3d/9jun25/9jun25/models/vit_pruebas_2/checkpoints/vit_pruebas_2.pt', restore_best_weights=False)
[2025-06-09 11:04:56] CSVLogger(filepath=/home/promise/jhernandez/3d-notebooks/3d/9jun25/9jun25/models/vit_pruebas_2/logs/model_train.csv)
[2025-06-09 11:04:56] Starting training with 200 epochs
[2025-06-09 11:04:56] Model: vit_pruebas_2
[2025-06-09 11:04:56] Device: cuda
[2025-06-09 11:04:56] Training samples: 448
[2025-06-09 11:04:56] Validation samples: 48
[2025-06-09 11:04:56] ----------------------------------------------------------------------------------------------------
[2025-06-09 11:05:01] Batch 1/56 of Epoch 1/200 - loss: 0.1127 - mae: 0.1127 - lr: 0.000100
[2025-06-09 11:05:46] Batch 11/56 of Epoch 1/200 - loss: 0.0866 - mae: 0.0866 - lr: 0.000100
[2025-06-09 11:06:31] Batch 21/56 of Epoch 1/200 - loss: 0.0711 - mae: 0.0711 - lr: 0.000100
[2025-06-09 11:07:17] Batch 31/56 of Epoch 1/200 - loss: 0.0648 - mae: 0.0648 - lr: 0.000100
[2025-06-09 11:08:02] Batch 41/56 of Epoch 1/200 - loss: 0.0600 - mae: 0.0600 - lr: 0.000100
[2025-06-09 11:08:47] Batch 51/56 of Epoch 1/200 - loss: 0.0561 - mae: 0.0561 - lr: 0.000100
[2025-06-09 11:09:10] Batch 56/56 of Epoch 1/200 - loss: 0.0551 - mae: 0.0551 - lr: 0.000100
[2025-06-09 11:09:14] Epoch 1/200 - 257.69s - loss: 0.0551 - mae: 0.0551 - val_loss: 0.0406 - val_mae: 0.0406 - lr: 0.000100
----------------------------------------------------------------------------------------------------
[2025-06-09 11:09:14] Epoch 1: val_loss improved from inf to 0.04058, saving model to /home/promise/jhernandez/3d-notebooks/3d/9jun25/9jun25/models/vit_pruebas_2/models/vit_pruebas_2.pth
[2025-06-09 11:09:14] Epoch None: Validation loss improved from inf to 0.04058, saving model to /home/promise/jhernandez/3d-notebooks/3d/9jun25/9jun25/models/vit_pruebas_2/checkpoints/vit_pruebas_2.pt
[2025-06-09 11:09:20] Batch 1/56 of Epoch 2/200 - loss: 0.0476 - mae: 0.0476 - lr: 0.000100
[2025-06-09 11:10:04] Batch 11/56 of Epoch 2/200 - loss: 0.0414 - mae: 0.0414 - lr: 0.000100
[2025-06-09 11:10:49] Batch 21/56 of Epoch 2/200 - loss: 0.0371 - mae: 0.0371 - lr: 0.000100
[2025-06-09 11:11:35] Batch 31/56 of Epoch 2/200 - loss: 0.0362 - mae: 0.0362 - lr: 0.000100
[2025-06-09 11:12:20] Batch 41/56 of Epoch 2/200 - loss: 0.0335 - mae: 0.0335 - lr: 0.000100
[2025-06-09 11:13:05] Batch 51/56 of Epoch 2/200 - loss: 0.0312 - mae: 0.0312 - lr: 0.000100
[2025-06-09 11:13:28] Batch 56/56 of Epoch 2/200 - loss: 0.0304 - mae: 0.0304 - lr: 0.000100
[2025-06-09 11:13:32] Epoch 2/200 - 257.33s - loss: 0.0304 - mae: 0.0304 - val_loss: 0.0235 - val_mae: 0.0235 - lr: 0.000100
----------------------------------------------------------------------------------------------------
[2025-06-09 11:13:32] Epoch 2: val_loss improved from 0.04058 to 0.02355, saving model to /home/promise/jhernandez/3d-notebooks/3d/9jun25/9jun25/models/vit_pruebas_2/models/vit_pruebas_2.pth
[2025-06-09 11:13:33] Epoch None: Validation loss improved from 0.04058 to 0.02355, saving model to /home/promise/jhernandez/3d-notebooks/3d/9jun25/9jun25/models/vit_pruebas_2/checkpoints/vit_pruebas_2.pt
[2025-06-09 11:13:39] Batch 1/56 of Epoch 3/200 - loss: 0.0174 - mae: 0.0174 - lr: 0.000100
[2025-06-09 11:14:24] Batch 11/56 of Epoch 3/200 - loss: 0.0215 - mae: 0.0215 - lr: 0.000100
[2025-06-09 11:15:09] Batch 21/56 of Epoch 3/200 - loss: 0.0207 - mae: 0.0207 - lr: 0.000100
[2025-06-09 11:15:55] Batch 31/56 of Epoch 3/200 - loss: 0.0199 - mae: 0.0199 - lr: 0.000100
[2025-06-09 11:16:40] Batch 41/56 of Epoch 3/200 - loss: 0.0199 - mae: 0.0199 - lr: 0.000100
[2025-06-09 11:17:25] Batch 51/56 of Epoch 3/200 - loss: 0.0195 - mae: 0.0195 - lr: 0.000100
[2025-06-09 11:17:48] Batch 56/56 of Epoch 3/200 - loss: 0.0197 - mae: 0.0197 - lr: 0.000100
[2025-06-09 11:17:52] Epoch 3/200 - 257.19s - loss: 0.0197 - mae: 0.0197 - val_loss: 0.0279 - val_mae: 0.0279 - lr: 0.000100
----------------------------------------------------------------------------------------------------
[2025-06-09 11:17:52] EarlyStopping counter: 1 out of 20
[2025-06-09 11:17:57] Batch 1/56 of Epoch 4/200 - loss: 0.0208 - mae: 0.0208 - lr: 0.000100
[2025-06-09 11:18:42] Batch 11/56 of Epoch 4/200 - loss: 0.0205 - mae: 0.0205 - lr: 0.000100
[2025-06-09 11:19:27] Batch 21/56 of Epoch 4/200 - loss: 0.0193 - mae: 0.0193 - lr: 0.000100
[2025-06-09 11:20:12] Batch 31/56 of Epoch 4/200 - loss: 0.0181 - mae: 0.0181 - lr: 0.000100
[2025-06-09 11:20:57] Batch 41/56 of Epoch 4/200 - loss: 0.0182 - mae: 0.0182 - lr: 0.000100
[2025-06-09 11:21:43] Batch 51/56 of Epoch 4/200 - loss: 0.0176 - mae: 0.0176 - lr: 0.000100
[2025-06-09 11:22:05] Batch 56/56 of Epoch 4/200 - loss: 0.0176 - mae: 0.0176 - lr: 0.000100
[2025-06-09 11:22:10] Epoch 4/200 - 257.74s - loss: 0.0176 - mae: 0.0176 - val_loss: 0.0195 - val_mae: 0.0195 - lr: 0.000100
----------------------------------------------------------------------------------------------------
[2025-06-09 11:22:10] Epoch 4: val_loss improved from 0.02355 to 0.01951, saving model to /home/promise/jhernandez/3d-notebooks/3d/9jun25/9jun25/models/vit_pruebas_2/models/vit_pruebas_2.pth
[2025-06-09 11:22:11] Epoch None: Validation loss improved from 0.02355 to 0.01951, saving model to /home/promise/jhernandez/3d-notebooks/3d/9jun25/9jun25/models/vit_pruebas_2/checkpoints/vit_pruebas_2.pt
[2025-06-09 11:22:17] Batch 1/56 of Epoch 5/200 - loss: 0.0163 - mae: 0.0163 - lr: 0.000100
[2025-06-09 11:23:02] Batch 11/56 of Epoch 5/200 - loss: 0.0166 - mae: 0.0166 - lr: 0.000100
[2025-06-09 11:23:47] Batch 21/56 of Epoch 5/200 - loss: 0.0172 - mae: 0.0172 - lr: 0.000100
[2025-06-09 11:24:33] Batch 31/56 of Epoch 5/200 - loss: 0.0173 - mae: 0.0173 - lr: 0.000100
[2025-06-09 11:25:18] Batch 41/56 of Epoch 5/200 - loss: 0.0172 - mae: 0.0172 - lr: 0.000100
[2025-06-09 11:26:03] Batch 51/56 of Epoch 5/200 - loss: 0.0167 - mae: 0.0167 - lr: 0.000100
[2025-06-09 11:26:26] Batch 56/56 of Epoch 5/200 - loss: 0.0166 - mae: 0.0166 - lr: 0.000100
[2025-06-09 11:26:30] Epoch 5/200 - 257.75s - loss: 0.0166 - mae: 0.0166 - val_loss: 0.0198 - val_mae: 0.0198 - lr: 0.000100
----------------------------------------------------------------------------------------------------
[2025-06-09 11:26:30] EarlyStopping counter: 1 out of 20
[2025-06-09 11:26:35] Batch 1/56 of Epoch 6/200 - loss: 0.0167 - mae: 0.0167 - lr: 0.000100
[2025-06-09 11:27:20] Batch 11/56 of Epoch 6/200 - loss: 0.0152 - mae: 0.0152 - lr: 0.000100
[2025-06-09 11:28:05] Batch 21/56 of Epoch 6/200 - loss: 0.0154 - mae: 0.0154 - lr: 0.000100
[2025-06-09 11:28:50] Batch 31/56 of Epoch 6/200 - loss: 0.0160 - mae: 0.0160 - lr: 0.000100
[2025-06-09 11:29:35] Batch 41/56 of Epoch 6/200 - loss: 0.0155 - mae: 0.0155 - lr: 0.000100
[2025-06-09 11:30:20] Batch 51/56 of Epoch 6/200 - loss: 0.0158 - mae: 0.0158 - lr: 0.000100
[2025-06-09 11:30:43] Batch 56/56 of Epoch 6/200 - loss: 0.0158 - mae: 0.0158 - lr: 0.000100
[2025-06-09 11:30:47] Epoch 6/200 - 257.29s - loss: 0.0158 - mae: 0.0158 - val_loss: 0.0216 - val_mae: 0.0216 - lr: 0.000100
----------------------------------------------------------------------------------------------------
[2025-06-09 11:30:47] EarlyStopping counter: 2 out of 20
[2025-06-09 11:30:52] Batch 1/56 of Epoch 7/200 - loss: 0.0178 - mae: 0.0178 - lr: 0.000100
[2025-06-09 11:31:37] Batch 11/56 of Epoch 7/200 - loss: 0.0157 - mae: 0.0157 - lr: 0.000100
[2025-06-09 11:32:22] Batch 21/56 of Epoch 7/200 - loss: 0.0163 - mae: 0.0163 - lr: 0.000100
[2025-06-09 11:33:08] Batch 31/56 of Epoch 7/200 - loss: 0.0163 - mae: 0.0163 - lr: 0.000100
[2025-06-09 11:33:53] Batch 41/56 of Epoch 7/200 - loss: 0.0160 - mae: 0.0160 - lr: 0.000100
[2025-06-09 11:34:38] Batch 51/56 of Epoch 7/200 - loss: 0.0158 - mae: 0.0158 - lr: 0.000100
[2025-06-09 11:35:01] Batch 56/56 of Epoch 7/200 - loss: 0.0155 - mae: 0.0155 - lr: 0.000100
[2025-06-09 11:35:05] Epoch 7/200 - 257.63s - loss: 0.0155 - mae: 0.0155 - val_loss: 0.0213 - val_mae: 0.0213 - lr: 0.000100
----------------------------------------------------------------------------------------------------
[2025-06-09 11:35:05] EarlyStopping counter: 3 out of 20
[2025-06-09 11:35:10] Batch 1/56 of Epoch 8/200 - loss: 0.0156 - mae: 0.0156 - lr: 0.000100
[2025-06-09 11:35:55] Batch 11/56 of Epoch 8/200 - loss: 0.0162 - mae: 0.0162 - lr: 0.000100
[2025-06-09 11:36:40] Batch 21/56 of Epoch 8/200 - loss: 0.0154 - mae: 0.0154 - lr: 0.000100
[2025-06-09 11:37:25] Batch 31/56 of Epoch 8/200 - loss: 0.0150 - mae: 0.0150 - lr: 0.000100
[2025-06-09 11:38:10] Batch 41/56 of Epoch 8/200 - loss: 0.0149 - mae: 0.0149 - lr: 0.000100
[2025-06-09 11:38:55] Batch 51/56 of Epoch 8/200 - loss: 0.0150 - mae: 0.0150 - lr: 0.000100
[2025-06-09 11:39:17] Batch 56/56 of Epoch 8/200 - loss: 0.0150 - mae: 0.0150 - lr: 0.000100
[2025-06-09 11:39:22] Epoch 8/200 - 256.80s - loss: 0.0150 - mae: 0.0150 - val_loss: 0.0187 - val_mae: 0.0187 - lr: 0.000100
----------------------------------------------------------------------------------------------------
[2025-06-09 11:39:22] Epoch 8: val_loss improved from 0.01951 to 0.01875, saving model to /home/promise/jhernandez/3d-notebooks/3d/9jun25/9jun25/models/vit_pruebas_2/models/vit_pruebas_2.pth
[2025-06-09 11:39:23] Epoch None: Validation loss improved from 0.01951 to 0.01875, saving model to /home/promise/jhernandez/3d-notebooks/3d/9jun25/9jun25/models/vit_pruebas_2/checkpoints/vit_pruebas_2.pt
[2025-06-09 11:39:29] Batch 1/56 of Epoch 9/200 - loss: 0.0097 - mae: 0.0097 - lr: 0.000100
[2025-06-09 11:40:14] Batch 11/56 of Epoch 9/200 - loss: 0.0157 - mae: 0.0157 - lr: 0.000100
[2025-06-09 11:40:59] Batch 21/56 of Epoch 9/200 - loss: 0.0149 - mae: 0.0149 - lr: 0.000100
[2025-06-09 11:41:44] Batch 31/56 of Epoch 9/200 - loss: 0.0151 - mae: 0.0151 - lr: 0.000100
[2025-06-09 11:42:29] Batch 41/56 of Epoch 9/200 - loss: 0.0149 - mae: 0.0149 - lr: 0.000100
[2025-06-09 11:43:14] Batch 51/56 of Epoch 9/200 - loss: 0.0149 - mae: 0.0149 - lr: 0.000100
[2025-06-09 11:43:36] Batch 56/56 of Epoch 9/200 - loss: 0.0148 - mae: 0.0148 - lr: 0.000100
[2025-06-09 11:43:40] Epoch 9/200 - 256.07s - loss: 0.0148 - mae: 0.0148 - val_loss: 0.0192 - val_mae: 0.0192 - lr: 0.000100
----------------------------------------------------------------------------------------------------
[2025-06-09 11:43:40] EarlyStopping counter: 1 out of 20
[2025-06-09 11:43:45] Batch 1/56 of Epoch 10/200 - loss: 0.0179 - mae: 0.0179 - lr: 0.000100
[2025-06-09 11:44:30] Batch 11/56 of Epoch 10/200 - loss: 0.0154 - mae: 0.0154 - lr: 0.000100
[2025-06-09 11:45:15] Batch 21/56 of Epoch 10/200 - loss: 0.0140 - mae: 0.0140 - lr: 0.000100
[2025-06-09 11:46:00] Batch 31/56 of Epoch 10/200 - loss: 0.0145 - mae: 0.0145 - lr: 0.000100
[2025-06-09 11:46:45] Batch 41/56 of Epoch 10/200 - loss: 0.0146 - mae: 0.0146 - lr: 0.000100
[2025-06-09 11:47:30] Batch 51/56 of Epoch 10/200 - loss: 0.0143 - mae: 0.0143 - lr: 0.000100
[2025-06-09 11:47:53] Batch 56/56 of Epoch 10/200 - loss: 0.0143 - mae: 0.0143 - lr: 0.000100
[2025-06-09 11:47:57] Epoch 10/200 - 256.37s - loss: 0.0143 - mae: 0.0143 - val_loss: 0.0192 - val_mae: 0.0192 - lr: 0.000100
----------------------------------------------------------------------------------------------------
[2025-06-09 11:47:57] EarlyStopping counter: 2 out of 20
[2025-06-09 11:48:02] Batch 1/56 of Epoch 11/200 - loss: 0.0197 - mae: 0.0197 - lr: 0.000100
[2025-06-09 11:48:46] Batch 11/56 of Epoch 11/200 - loss: 0.0157 - mae: 0.0157 - lr: 0.000100
[2025-06-09 11:49:32] Batch 21/56 of Epoch 11/200 - loss: 0.0145 - mae: 0.0145 - lr: 0.000100
[2025-06-09 11:50:17] Batch 31/56 of Epoch 11/200 - loss: 0.0144 - mae: 0.0144 - lr: 0.000100
[2025-06-09 11:51:02] Batch 41/56 of Epoch 11/200 - loss: 0.0144 - mae: 0.0144 - lr: 0.000100
[2025-06-09 11:51:47] Batch 51/56 of Epoch 11/200 - loss: 0.0143 - mae: 0.0143 - lr: 0.000100
[2025-06-09 11:52:09] Batch 56/56 of Epoch 11/200 - loss: 0.0143 - mae: 0.0143 - lr: 0.000100
[2025-06-09 11:52:14] Epoch 11/200 - 257.01s - loss: 0.0143 - mae: 0.0143 - val_loss: 0.0194 - val_mae: 0.0194 - lr: 0.000100
----------------------------------------------------------------------------------------------------
[2025-06-09 11:52:14] EarlyStopping counter: 3 out of 20
[2025-06-09 11:52:19] Batch 1/56 of Epoch 12/200 - loss: 0.0164 - mae: 0.0164 - lr: 0.000100
[2025-06-09 11:53:03] Batch 11/56 of Epoch 12/200 - loss: 0.0133 - mae: 0.0133 - lr: 0.000100
[2025-06-09 11:53:48] Batch 21/56 of Epoch 12/200 - loss: 0.0149 - mae: 0.0149 - lr: 0.000100
[2025-06-09 11:54:33] Batch 31/56 of Epoch 12/200 - loss: 0.0147 - mae: 0.0147 - lr: 0.000100
[2025-06-09 11:55:18] Batch 41/56 of Epoch 12/200 - loss: 0.0145 - mae: 0.0145 - lr: 0.000100
[2025-06-09 11:56:03] Batch 51/56 of Epoch 12/200 - loss: 0.0142 - mae: 0.0142 - lr: 0.000100
[2025-06-09 11:56:26] Batch 56/56 of Epoch 12/200 - loss: 0.0141 - mae: 0.0141 - lr: 0.000100
[2025-06-09 11:56:30] Epoch 12/200 - 256.38s - loss: 0.0141 - mae: 0.0141 - val_loss: 0.0187 - val_mae: 0.0187 - lr: 0.000100
----------------------------------------------------------------------------------------------------
[2025-06-09 11:56:30] Epoch 12: val_loss improved from 0.01875 to 0.01872, saving model to /home/promise/jhernandez/3d-notebooks/3d/9jun25/9jun25/models/vit_pruebas_2/models/vit_pruebas_2.pth
[2025-06-09 11:56:31] Epoch None: Validation loss improved from 0.01875 to 0.01872, saving model to /home/promise/jhernandez/3d-notebooks/3d/9jun25/9jun25/models/vit_pruebas_2/checkpoints/vit_pruebas_2.pt
[2025-06-09 11:56:38] Batch 1/56 of Epoch 13/200 - loss: 0.0140 - mae: 0.0140 - lr: 0.000100
[2025-06-09 11:57:22] Batch 11/56 of Epoch 13/200 - loss: 0.0144 - mae: 0.0144 - lr: 0.000100
[2025-06-09 11:58:08] Batch 21/56 of Epoch 13/200 - loss: 0.0144 - mae: 0.0144 - lr: 0.000100
[2025-06-09 11:58:53] Batch 31/56 of Epoch 13/200 - loss: 0.0143 - mae: 0.0143 - lr: 0.000100
[2025-06-09 11:59:38] Batch 41/56 of Epoch 13/200 - loss: 0.0139 - mae: 0.0139 - lr: 0.000100
[2025-06-09 12:00:23] Batch 51/56 of Epoch 13/200 - loss: 0.0139 - mae: 0.0139 - lr: 0.000100
[2025-06-09 12:00:46] Batch 56/56 of Epoch 13/200 - loss: 0.0138 - mae: 0.0138 - lr: 0.000100
[2025-06-09 12:00:50] Epoch 13/200 - 257.34s - loss: 0.0138 - mae: 0.0138 - val_loss: 0.0186 - val_mae: 0.0186 - lr: 0.000100
----------------------------------------------------------------------------------------------------
[2025-06-09 12:00:50] Epoch 13: val_loss improved from 0.01872 to 0.01861, saving model to /home/promise/jhernandez/3d-notebooks/3d/9jun25/9jun25/models/vit_pruebas_2/models/vit_pruebas_2.pth
[2025-06-09 12:00:51] Epoch None: Validation loss improved from 0.01872 to 0.01861, saving model to /home/promise/jhernandez/3d-notebooks/3d/9jun25/9jun25/models/vit_pruebas_2/checkpoints/vit_pruebas_2.pt
[2025-06-09 12:00:58] Batch 1/56 of Epoch 14/200 - loss: 0.0111 - mae: 0.0111 - lr: 0.000100
[2025-06-09 12:01:42] Batch 11/56 of Epoch 14/200 - loss: 0.0120 - mae: 0.0120 - lr: 0.000100
[2025-06-09 12:02:27] Batch 21/56 of Epoch 14/200 - loss: 0.0128 - mae: 0.0128 - lr: 0.000100
[2025-06-09 12:03:13] Batch 31/56 of Epoch 14/200 - loss: 0.0134 - mae: 0.0134 - lr: 0.000100
[2025-06-09 12:03:58] Batch 41/56 of Epoch 14/200 - loss: 0.0133 - mae: 0.0133 - lr: 0.000100
[2025-06-09 12:04:43] Batch 51/56 of Epoch 14/200 - loss: 0.0131 - mae: 0.0131 - lr: 0.000100
[2025-06-09 12:05:06] Batch 56/56 of Epoch 14/200 - loss: 0.0129 - mae: 0.0129 - lr: 0.000100
[2025-06-09 12:05:10] Epoch 14/200 - 257.14s - loss: 0.0129 - mae: 0.0129 - val_loss: 0.0171 - val_mae: 0.0171 - lr: 0.000100
----------------------------------------------------------------------------------------------------
[2025-06-09 12:05:10] Epoch 14: val_loss improved from 0.01861 to 0.01715, saving model to /home/promise/jhernandez/3d-notebooks/3d/9jun25/9jun25/models/vit_pruebas_2/models/vit_pruebas_2.pth
[2025-06-09 12:05:11] Epoch None: Validation loss improved from 0.01861 to 0.01715, saving model to /home/promise/jhernandez/3d-notebooks/3d/9jun25/9jun25/models/vit_pruebas_2/checkpoints/vit_pruebas_2.pt
[2025-06-09 12:05:17] Batch 1/56 of Epoch 15/200 - loss: 0.0183 - mae: 0.0183 - lr: 0.000100
[2025-06-09 12:06:02] Batch 11/56 of Epoch 15/200 - loss: 0.0135 - mae: 0.0135 - lr: 0.000100
[2025-06-09 12:06:47] Batch 21/56 of Epoch 15/200 - loss: 0.0125 - mae: 0.0125 - lr: 0.000100
[2025-06-09 12:07:32] Batch 31/56 of Epoch 15/200 - loss: 0.0126 - mae: 0.0126 - lr: 0.000100
[2025-06-09 12:08:18] Batch 41/56 of Epoch 15/200 - loss: 0.0124 - mae: 0.0124 - lr: 0.000100
[2025-06-09 12:09:03] Batch 51/56 of Epoch 15/200 - loss: 0.0126 - mae: 0.0126 - lr: 0.000100
[2025-06-09 12:09:25] Batch 56/56 of Epoch 15/200 - loss: 0.0126 - mae: 0.0126 - lr: 0.000100
[2025-06-09 12:09:29] Epoch 15/200 - 256.96s - loss: 0.0126 - mae: 0.0126 - val_loss: 0.0170 - val_mae: 0.0170 - lr: 0.000100
----------------------------------------------------------------------------------------------------
[2025-06-09 12:09:29] Epoch 15: val_loss improved from 0.01715 to 0.01705, saving model to /home/promise/jhernandez/3d-notebooks/3d/9jun25/9jun25/models/vit_pruebas_2/models/vit_pruebas_2.pth
[2025-06-09 12:09:31] Epoch None: Validation loss improved from 0.01715 to 0.01705, saving model to /home/promise/jhernandez/3d-notebooks/3d/9jun25/9jun25/models/vit_pruebas_2/checkpoints/vit_pruebas_2.pt
[2025-06-09 12:09:37] Batch 1/56 of Epoch 16/200 - loss: 0.0097 - mae: 0.0097 - lr: 0.000100
[2025-06-09 12:10:22] Batch 11/56 of Epoch 16/200 - loss: 0.0115 - mae: 0.0115 - lr: 0.000100
[2025-06-09 12:11:07] Batch 21/56 of Epoch 16/200 - loss: 0.0122 - mae: 0.0122 - lr: 0.000100
[2025-06-09 12:11:52] Batch 31/56 of Epoch 16/200 - loss: 0.0120 - mae: 0.0120 - lr: 0.000100
[2025-06-09 12:12:37] Batch 41/56 of Epoch 16/200 - loss: 0.0120 - mae: 0.0120 - lr: 0.000100
[2025-06-09 12:13:22] Batch 51/56 of Epoch 16/200 - loss: 0.0120 - mae: 0.0120 - lr: 0.000100
[2025-06-09 12:13:45] Batch 56/56 of Epoch 16/200 - loss: 0.0118 - mae: 0.0118 - lr: 0.000100
[2025-06-09 12:13:49] Epoch 16/200 - 257.05s - loss: 0.0118 - mae: 0.0118 - val_loss: 0.0164 - val_mae: 0.0164 - lr: 0.000100
----------------------------------------------------------------------------------------------------
[2025-06-09 12:13:49] Epoch 16: val_loss improved from 0.01705 to 0.01644, saving model to /home/promise/jhernandez/3d-notebooks/3d/9jun25/9jun25/models/vit_pruebas_2/models/vit_pruebas_2.pth
[2025-06-09 12:13:51] Epoch None: Validation loss improved from 0.01705 to 0.01644, saving model to /home/promise/jhernandez/3d-notebooks/3d/9jun25/9jun25/models/vit_pruebas_2/checkpoints/vit_pruebas_2.pt
[2025-06-09 12:13:57] Batch 1/56 of Epoch 17/200 - loss: 0.0069 - mae: 0.0069 - lr: 0.000100
[2025-06-09 12:14:42] Batch 11/56 of Epoch 17/200 - loss: 0.0102 - mae: 0.0102 - lr: 0.000100
[2025-06-09 12:15:27] Batch 21/56 of Epoch 17/200 - loss: 0.0105 - mae: 0.0105 - lr: 0.000100
[2025-06-09 12:16:12] Batch 31/56 of Epoch 17/200 - loss: 0.0109 - mae: 0.0109 - lr: 0.000100
[2025-06-09 12:16:57] Batch 41/56 of Epoch 17/200 - loss: 0.0113 - mae: 0.0113 - lr: 0.000100
[2025-06-09 12:17:42] Batch 51/56 of Epoch 17/200 - loss: 0.0118 - mae: 0.0118 - lr: 0.000100
[2025-06-09 12:18:05] Batch 56/56 of Epoch 17/200 - loss: 0.0119 - mae: 0.0119 - lr: 0.000100
[2025-06-09 12:18:09] Epoch 17/200 - 257.09s - loss: 0.0119 - mae: 0.0119 - val_loss: 0.0164 - val_mae: 0.0164 - lr: 0.000100
----------------------------------------------------------------------------------------------------
[2025-06-09 12:18:09] Epoch 17: val_loss improved from 0.01644 to 0.01636, saving model to /home/promise/jhernandez/3d-notebooks/3d/9jun25/9jun25/models/vit_pruebas_2/models/vit_pruebas_2.pth
[2025-06-09 12:18:10] Epoch None: Validation loss improved from 0.01644 to 0.01636, saving model to /home/promise/jhernandez/3d-notebooks/3d/9jun25/9jun25/models/vit_pruebas_2/checkpoints/vit_pruebas_2.pt
[2025-06-09 12:18:16] Batch 1/56 of Epoch 18/200 - loss: 0.0151 - mae: 0.0151 - lr: 0.000100
[2025-06-09 12:19:01] Batch 11/56 of Epoch 18/200 - loss: 0.0122 - mae: 0.0122 - lr: 0.000100
[2025-06-09 12:19:46] Batch 21/56 of Epoch 18/200 - loss: 0.0126 - mae: 0.0126 - lr: 0.000100
[2025-06-09 12:20:31] Batch 31/56 of Epoch 18/200 - loss: 0.0124 - mae: 0.0124 - lr: 0.000100
[2025-06-09 12:21:17] Batch 41/56 of Epoch 18/200 - loss: 0.0120 - mae: 0.0120 - lr: 0.000100
[2025-06-09 12:22:02] Batch 51/56 of Epoch 18/200 - loss: 0.0119 - mae: 0.0119 - lr: 0.000100
[2025-06-09 12:22:24] Batch 56/56 of Epoch 18/200 - loss: 0.0118 - mae: 0.0118 - lr: 0.000100
[2025-06-09 12:22:29] Epoch 18/200 - 257.16s - loss: 0.0118 - mae: 0.0118 - val_loss: 0.0160 - val_mae: 0.0160 - lr: 0.000100
----------------------------------------------------------------------------------------------------
[2025-06-09 12:22:29] Epoch 18: val_loss improved from 0.01636 to 0.01596, saving model to /home/promise/jhernandez/3d-notebooks/3d/9jun25/9jun25/models/vit_pruebas_2/models/vit_pruebas_2.pth
[2025-06-09 12:22:30] Epoch None: Validation loss improved from 0.01636 to 0.01596, saving model to /home/promise/jhernandez/3d-notebooks/3d/9jun25/9jun25/models/vit_pruebas_2/checkpoints/vit_pruebas_2.pt
[2025-06-09 12:22:36] Batch 1/56 of Epoch 19/200 - loss: 0.0111 - mae: 0.0111 - lr: 0.000100
[2025-06-09 12:23:21] Batch 11/56 of Epoch 19/200 - loss: 0.0114 - mae: 0.0114 - lr: 0.000100
[2025-06-09 12:24:06] Batch 21/56 of Epoch 19/200 - loss: 0.0108 - mae: 0.0108 - lr: 0.000100
[2025-06-09 12:24:52] Batch 31/56 of Epoch 19/200 - loss: 0.0107 - mae: 0.0107 - lr: 0.000100
[2025-06-09 12:25:37] Batch 41/56 of Epoch 19/200 - loss: 0.0109 - mae: 0.0109 - lr: 0.000100
[2025-06-09 12:26:22] Batch 51/56 of Epoch 19/200 - loss: 0.0109 - mae: 0.0109 - lr: 0.000100
[2025-06-09 12:26:45] Batch 56/56 of Epoch 19/200 - loss: 0.0107 - mae: 0.0107 - lr: 0.000100
[2025-06-09 12:26:49] Epoch 19/200 - 257.60s - loss: 0.0107 - mae: 0.0107 - val_loss: 0.0170 - val_mae: 0.0170 - lr: 0.000100
----------------------------------------------------------------------------------------------------
[2025-06-09 12:26:49] EarlyStopping counter: 1 out of 20
[2025-06-09 12:26:54] Batch 1/56 of Epoch 20/200 - loss: 0.0085 - mae: 0.0085 - lr: 0.000100
[2025-06-09 12:27:39] Batch 11/56 of Epoch 20/200 - loss: 0.0098 - mae: 0.0098 - lr: 0.000100
[2025-06-09 12:28:24] Batch 21/56 of Epoch 20/200 - loss: 0.0100 - mae: 0.0100 - lr: 0.000100
[2025-06-09 12:29:09] Batch 31/56 of Epoch 20/200 - loss: 0.0105 - mae: 0.0105 - lr: 0.000100
[2025-06-09 12:29:54] Batch 41/56 of Epoch 20/200 - loss: 0.0105 - mae: 0.0105 - lr: 0.000100
[2025-06-09 12:30:39] Batch 51/56 of Epoch 20/200 - loss: 0.0106 - mae: 0.0106 - lr: 0.000100
[2025-06-09 12:31:02] Batch 56/56 of Epoch 20/200 - loss: 0.0105 - mae: 0.0105 - lr: 0.000100
[2025-06-09 12:31:06] Epoch 20/200 - 256.97s - loss: 0.0105 - mae: 0.0105 - val_loss: 0.0153 - val_mae: 0.0153 - lr: 0.000100
----------------------------------------------------------------------------------------------------
[2025-06-09 12:31:06] Epoch 20: val_loss improved from 0.01596 to 0.01525, saving model to /home/promise/jhernandez/3d-notebooks/3d/9jun25/9jun25/models/vit_pruebas_2/models/vit_pruebas_2.pth
[2025-06-09 12:31:07] Epoch None: Validation loss improved from 0.01596 to 0.01525, saving model to /home/promise/jhernandez/3d-notebooks/3d/9jun25/9jun25/models/vit_pruebas_2/checkpoints/vit_pruebas_2.pt
[2025-06-09 12:31:14] Batch 1/56 of Epoch 21/200 - loss: 0.0086 - mae: 0.0086 - lr: 0.000100
[2025-06-09 12:31:58] Batch 11/56 of Epoch 21/200 - loss: 0.0090 - mae: 0.0090 - lr: 0.000100
[2025-06-09 12:32:43] Batch 21/56 of Epoch 21/200 - loss: 0.0093 - mae: 0.0093 - lr: 0.000100
[2025-06-09 12:33:29] Batch 31/56 of Epoch 21/200 - loss: 0.0100 - mae: 0.0100 - lr: 0.000100
[2025-06-09 12:34:14] Batch 41/56 of Epoch 21/200 - loss: 0.0101 - mae: 0.0101 - lr: 0.000100
[2025-06-09 12:34:59] Batch 51/56 of Epoch 21/200 - loss: 0.0101 - mae: 0.0101 - lr: 0.000100
[2025-06-09 12:35:22] Batch 56/56 of Epoch 21/200 - loss: 0.0101 - mae: 0.0101 - lr: 0.000100
[2025-06-09 12:35:26] Epoch 21/200 - 257.28s - loss: 0.0101 - mae: 0.0101 - val_loss: 0.0155 - val_mae: 0.0155 - lr: 0.000100
----------------------------------------------------------------------------------------------------
[2025-06-09 12:35:26] EarlyStopping counter: 1 out of 20
[2025-06-09 12:35:31] Batch 1/56 of Epoch 22/200 - loss: 0.0101 - mae: 0.0101 - lr: 0.000100
[2025-06-09 12:36:16] Batch 11/56 of Epoch 22/200 - loss: 0.0110 - mae: 0.0110 - lr: 0.000100
[2025-06-09 12:37:01] Batch 21/56 of Epoch 22/200 - loss: 0.0101 - mae: 0.0101 - lr: 0.000100
[2025-06-09 12:37:46] Batch 31/56 of Epoch 22/200 - loss: 0.0104 - mae: 0.0104 - lr: 0.000100
[2025-06-09 12:38:31] Batch 41/56 of Epoch 22/200 - loss: 0.0101 - mae: 0.0101 - lr: 0.000100
[2025-06-09 12:39:16] Batch 51/56 of Epoch 22/200 - loss: 0.0103 - mae: 0.0103 - lr: 0.000100
[2025-06-09 12:39:39] Batch 56/56 of Epoch 22/200 - loss: 0.0101 - mae: 0.0101 - lr: 0.000100
[2025-06-09 12:39:43] Epoch 22/200 - 257.19s - loss: 0.0101 - mae: 0.0101 - val_loss: 0.0150 - val_mae: 0.0150 - lr: 0.000100
----------------------------------------------------------------------------------------------------
[2025-06-09 12:39:43] Epoch 22: val_loss improved from 0.01525 to 0.01495, saving model to /home/promise/jhernandez/3d-notebooks/3d/9jun25/9jun25/models/vit_pruebas_2/models/vit_pruebas_2.pth
[2025-06-09 12:39:44] Epoch None: Validation loss improved from 0.01525 to 0.01495, saving model to /home/promise/jhernandez/3d-notebooks/3d/9jun25/9jun25/models/vit_pruebas_2/checkpoints/vit_pruebas_2.pt
[2025-06-09 12:39:51] Batch 1/56 of Epoch 23/200 - loss: 0.0114 - mae: 0.0114 - lr: 0.000100
[2025-06-09 12:40:35] Batch 11/56 of Epoch 23/200 - loss: 0.0088 - mae: 0.0088 - lr: 0.000100
[2025-06-09 12:41:20] Batch 21/56 of Epoch 23/200 - loss: 0.0096 - mae: 0.0096 - lr: 0.000100
[2025-06-09 12:42:05] Batch 31/56 of Epoch 23/200 - loss: 0.0098 - mae: 0.0098 - lr: 0.000100
[2025-06-09 12:42:51] Batch 41/56 of Epoch 23/200 - loss: 0.0103 - mae: 0.0103 - lr: 0.000100
[2025-06-09 12:43:36] Batch 51/56 of Epoch 23/200 - loss: 0.0107 - mae: 0.0107 - lr: 0.000100
[2025-06-09 12:43:58] Batch 56/56 of Epoch 23/200 - loss: 0.0106 - mae: 0.0106 - lr: 0.000100
[2025-06-09 12:44:03] Epoch 23/200 - 256.83s - loss: 0.0106 - mae: 0.0106 - val_loss: 0.0167 - val_mae: 0.0167 - lr: 0.000100
----------------------------------------------------------------------------------------------------
[2025-06-09 12:44:03] EarlyStopping counter: 1 out of 20
[2025-06-09 12:44:07] Batch 1/56 of Epoch 24/200 - loss: 0.0088 - mae: 0.0088 - lr: 0.000100
[2025-06-09 12:44:52] Batch 11/56 of Epoch 24/200 - loss: 0.0109 - mae: 0.0109 - lr: 0.000100
[2025-06-09 12:45:37] Batch 21/56 of Epoch 24/200 - loss: 0.0102 - mae: 0.0102 - lr: 0.000100
[2025-06-09 12:46:23] Batch 31/56 of Epoch 24/200 - loss: 0.0100 - mae: 0.0100 - lr: 0.000100
[2025-06-09 12:47:08] Batch 41/56 of Epoch 24/200 - loss: 0.0098 - mae: 0.0098 - lr: 0.000100
[2025-06-09 12:47:53] Batch 51/56 of Epoch 24/200 - loss: 0.0097 - mae: 0.0097 - lr: 0.000100
[2025-06-09 12:48:15] Batch 56/56 of Epoch 24/200 - loss: 0.0096 - mae: 0.0096 - lr: 0.000100
[2025-06-09 12:48:19] Epoch 24/200 - 256.66s - loss: 0.0096 - mae: 0.0096 - val_loss: 0.0148 - val_mae: 0.0148 - lr: 0.000100
----------------------------------------------------------------------------------------------------
[2025-06-09 12:48:19] Epoch 24: val_loss improved from 0.01495 to 0.01481, saving model to /home/promise/jhernandez/3d-notebooks/3d/9jun25/9jun25/models/vit_pruebas_2/models/vit_pruebas_2.pth
[2025-06-09 12:48:20] Epoch None: Validation loss improved from 0.01495 to 0.01481, saving model to /home/promise/jhernandez/3d-notebooks/3d/9jun25/9jun25/models/vit_pruebas_2/checkpoints/vit_pruebas_2.pt
[2025-06-09 12:48:27] Batch 1/56 of Epoch 25/200 - loss: 0.0111 - mae: 0.0111 - lr: 0.000100
[2025-06-09 12:49:12] Batch 11/56 of Epoch 25/200 - loss: 0.0092 - mae: 0.0092 - lr: 0.000100
[2025-06-09 12:49:57] Batch 21/56 of Epoch 25/200 - loss: 0.0092 - mae: 0.0092 - lr: 0.000100
[2025-06-09 12:50:42] Batch 31/56 of Epoch 25/200 - loss: 0.0097 - mae: 0.0097 - lr: 0.000100
[2025-06-09 12:51:27] Batch 41/56 of Epoch 25/200 - loss: 0.0095 - mae: 0.0095 - lr: 0.000100
[2025-06-09 12:52:12] Batch 51/56 of Epoch 25/200 - loss: 0.0097 - mae: 0.0097 - lr: 0.000100
[2025-06-09 12:52:34] Batch 56/56 of Epoch 25/200 - loss: 0.0095 - mae: 0.0095 - lr: 0.000100
[2025-06-09 12:52:38] Epoch 25/200 - 256.60s - loss: 0.0095 - mae: 0.0095 - val_loss: 0.0147 - val_mae: 0.0147 - lr: 0.000100
----------------------------------------------------------------------------------------------------
[2025-06-09 12:52:38] Epoch 25: val_loss improved from 0.01481 to 0.01472, saving model to /home/promise/jhernandez/3d-notebooks/3d/9jun25/9jun25/models/vit_pruebas_2/models/vit_pruebas_2.pth
[2025-06-09 12:52:40] Epoch None: Validation loss improved from 0.01481 to 0.01472, saving model to /home/promise/jhernandez/3d-notebooks/3d/9jun25/9jun25/models/vit_pruebas_2/checkpoints/vit_pruebas_2.pt
[2025-06-09 12:52:46] Batch 1/56 of Epoch 26/200 - loss: 0.0088 - mae: 0.0088 - lr: 0.000100
[2025-06-09 12:53:31] Batch 11/56 of Epoch 26/200 - loss: 0.0090 - mae: 0.0090 - lr: 0.000100
[2025-06-09 12:54:16] Batch 21/56 of Epoch 26/200 - loss: 0.0092 - mae: 0.0092 - lr: 0.000100
[2025-06-09 12:55:01] Batch 31/56 of Epoch 26/200 - loss: 0.0091 - mae: 0.0091 - lr: 0.000100
[2025-06-09 12:55:45] Batch 41/56 of Epoch 26/200 - loss: 0.0094 - mae: 0.0094 - lr: 0.000100
[2025-06-09 12:56:30] Batch 51/56 of Epoch 26/200 - loss: 0.0092 - mae: 0.0092 - lr: 0.000100
[2025-06-09 12:56:53] Batch 56/56 of Epoch 26/200 - loss: 0.0091 - mae: 0.0091 - lr: 0.000100
[2025-06-09 12:56:57] Epoch 26/200 - 255.64s - loss: 0.0091 - mae: 0.0091 - val_loss: 0.0160 - val_mae: 0.0160 - lr: 0.000100
----------------------------------------------------------------------------------------------------
[2025-06-09 12:56:57] EarlyStopping counter: 1 out of 20
[2025-06-09 12:57:02] Batch 1/56 of Epoch 27/200 - loss: 0.0144 - mae: 0.0144 - lr: 0.000100
[2025-06-09 12:57:46] Batch 11/56 of Epoch 27/200 - loss: 0.0108 - mae: 0.0108 - lr: 0.000100
[2025-06-09 12:58:31] Batch 21/56 of Epoch 27/200 - loss: 0.0109 - mae: 0.0109 - lr: 0.000100
[2025-06-09 12:59:16] Batch 31/56 of Epoch 27/200 - loss: 0.0104 - mae: 0.0104 - lr: 0.000100
[2025-06-09 13:00:01] Batch 41/56 of Epoch 27/200 - loss: 0.0100 - mae: 0.0100 - lr: 0.000100
[2025-06-09 13:00:46] Batch 51/56 of Epoch 27/200 - loss: 0.0098 - mae: 0.0098 - lr: 0.000100
[2025-06-09 13:01:09] Batch 56/56 of Epoch 27/200 - loss: 0.0097 - mae: 0.0097 - lr: 0.000100
[2025-06-09 13:01:13] Epoch 27/200 - 256.11s - loss: 0.0097 - mae: 0.0097 - val_loss: 0.0143 - val_mae: 0.0143 - lr: 0.000100
----------------------------------------------------------------------------------------------------
[2025-06-09 13:01:13] Epoch 27: val_loss improved from 0.01472 to 0.01434, saving model to /home/promise/jhernandez/3d-notebooks/3d/9jun25/9jun25/models/vit_pruebas_2/models/vit_pruebas_2.pth
[2025-06-09 13:01:14] Epoch None: Validation loss improved from 0.01472 to 0.01434, saving model to /home/promise/jhernandez/3d-notebooks/3d/9jun25/9jun25/models/vit_pruebas_2/checkpoints/vit_pruebas_2.pt
[2025-06-09 13:01:21] Batch 1/56 of Epoch 28/200 - loss: 0.0074 - mae: 0.0074 - lr: 0.000100
[2025-06-09 13:02:05] Batch 11/56 of Epoch 28/200 - loss: 0.0086 - mae: 0.0086 - lr: 0.000100
[2025-06-09 13:02:50] Batch 21/56 of Epoch 28/200 - loss: 0.0083 - mae: 0.0083 - lr: 0.000100
[2025-06-09 13:03:35] Batch 31/56 of Epoch 28/200 - loss: 0.0085 - mae: 0.0085 - lr: 0.000100
[2025-06-09 13:04:21] Batch 41/56 of Epoch 28/200 - loss: 0.0088 - mae: 0.0088 - lr: 0.000100
[2025-06-09 13:05:06] Batch 51/56 of Epoch 28/200 - loss: 0.0092 - mae: 0.0092 - lr: 0.000100
[2025-06-09 13:05:28] Batch 56/56 of Epoch 28/200 - loss: 0.0092 - mae: 0.0092 - lr: 0.000100
[2025-06-09 13:05:32] Epoch 28/200 - 256.79s - loss: 0.0092 - mae: 0.0092 - val_loss: 0.0147 - val_mae: 0.0147 - lr: 0.000100
----------------------------------------------------------------------------------------------------
[2025-06-09 13:05:32] EarlyStopping counter: 1 out of 20
[2025-06-09 13:05:37] Batch 1/56 of Epoch 29/200 - loss: 0.0098 - mae: 0.0098 - lr: 0.000100
[2025-06-09 13:06:22] Batch 11/56 of Epoch 29/200 - loss: 0.0083 - mae: 0.0083 - lr: 0.000100
[2025-06-09 13:07:07] Batch 21/56 of Epoch 29/200 - loss: 0.0085 - mae: 0.0085 - lr: 0.000100
[2025-06-09 13:07:52] Batch 31/56 of Epoch 29/200 - loss: 0.0089 - mae: 0.0089 - lr: 0.000100
[2025-06-09 13:08:37] Batch 41/56 of Epoch 29/200 - loss: 0.0089 - mae: 0.0089 - lr: 0.000100
[2025-06-09 13:09:23] Batch 51/56 of Epoch 29/200 - loss: 0.0091 - mae: 0.0091 - lr: 0.000100
[2025-06-09 13:09:45] Batch 56/56 of Epoch 29/200 - loss: 0.0092 - mae: 0.0092 - lr: 0.000100
[2025-06-09 13:09:50] Epoch 29/200 - 257.11s - loss: 0.0092 - mae: 0.0092 - val_loss: 0.0157 - val_mae: 0.0157 - lr: 0.000100
----------------------------------------------------------------------------------------------------
[2025-06-09 13:09:50] EarlyStopping counter: 2 out of 20
[2025-06-09 13:09:54] Batch 1/56 of Epoch 30/200 - loss: 0.0088 - mae: 0.0088 - lr: 0.000100
[2025-06-09 13:10:39] Batch 11/56 of Epoch 30/200 - loss: 0.0096 - mae: 0.0096 - lr: 0.000100
[2025-06-09 13:11:24] Batch 21/56 of Epoch 30/200 - loss: 0.0091 - mae: 0.0091 - lr: 0.000100
[2025-06-09 13:12:10] Batch 31/56 of Epoch 30/200 - loss: 0.0090 - mae: 0.0090 - lr: 0.000100
[2025-06-09 13:12:55] Batch 41/56 of Epoch 30/200 - loss: 0.0092 - mae: 0.0092 - lr: 0.000100
[2025-06-09 13:13:40] Batch 51/56 of Epoch 30/200 - loss: 0.0091 - mae: 0.0091 - lr: 0.000100
[2025-06-09 13:14:03] Batch 56/56 of Epoch 30/200 - loss: 0.0091 - mae: 0.0091 - lr: 0.000100
[2025-06-09 13:14:07] Epoch 30/200 - 257.53s - loss: 0.0091 - mae: 0.0091 - val_loss: 0.0144 - val_mae: 0.0144 - lr: 0.000100
----------------------------------------------------------------------------------------------------
[2025-06-09 13:14:07] EarlyStopping counter: 3 out of 20
[2025-06-09 13:14:12] Batch 1/56 of Epoch 31/200 - loss: 0.0101 - mae: 0.0101 - lr: 0.000100
[2025-06-09 13:14:57] Batch 11/56 of Epoch 31/200 - loss: 0.0089 - mae: 0.0089 - lr: 0.000100
[2025-06-09 13:15:42] Batch 21/56 of Epoch 31/200 - loss: 0.0088 - mae: 0.0088 - lr: 0.000100
[2025-06-09 13:16:27] Batch 31/56 of Epoch 31/200 - loss: 0.0088 - mae: 0.0088 - lr: 0.000100
[2025-06-09 13:17:12] Batch 41/56 of Epoch 31/200 - loss: 0.0087 - mae: 0.0087 - lr: 0.000100
[2025-06-09 13:17:58] Batch 51/56 of Epoch 31/200 - loss: 0.0088 - mae: 0.0088 - lr: 0.000100
[2025-06-09 13:18:20] Batch 56/56 of Epoch 31/200 - loss: 0.0088 - mae: 0.0088 - lr: 0.000100
[2025-06-09 13:18:24] Epoch 31/200 - 257.19s - loss: 0.0088 - mae: 0.0088 - val_loss: 0.0150 - val_mae: 0.0150 - lr: 0.000100
----------------------------------------------------------------------------------------------------
[2025-06-09 13:18:24] Reducing learning rate from 0.000100 to 0.000010
[2025-06-09 13:18:24] EarlyStopping counter: 4 out of 20
[2025-06-09 13:18:29] Batch 1/56 of Epoch 32/200 - loss: 0.0106 - mae: 0.0106 - lr: 0.000010
[2025-06-09 13:19:14] Batch 11/56 of Epoch 32/200 - loss: 0.0090 - mae: 0.0090 - lr: 0.000010
[2025-06-09 13:19:59] Batch 21/56 of Epoch 32/200 - loss: 0.0081 - mae: 0.0081 - lr: 0.000010
[2025-06-09 13:20:44] Batch 31/56 of Epoch 32/200 - loss: 0.0079 - mae: 0.0079 - lr: 0.000010
[2025-06-09 13:21:30] Batch 41/56 of Epoch 32/200 - loss: 0.0079 - mae: 0.0079 - lr: 0.000010
[2025-06-09 13:22:15] Batch 51/56 of Epoch 32/200 - loss: 0.0076 - mae: 0.0076 - lr: 0.000010
[2025-06-09 13:22:37] Batch 56/56 of Epoch 32/200 - loss: 0.0076 - mae: 0.0076 - lr: 0.000010
[2025-06-09 13:22:42] Epoch 32/200 - 257.26s - loss: 0.0076 - mae: 0.0076 - val_loss: 0.0134 - val_mae: 0.0134 - lr: 0.000010
----------------------------------------------------------------------------------------------------
[2025-06-09 13:22:42] Epoch 32: val_loss improved from 0.01434 to 0.01335, saving model to /home/promise/jhernandez/3d-notebooks/3d/9jun25/9jun25/models/vit_pruebas_2/models/vit_pruebas_2.pth
[2025-06-09 13:22:43] Epoch None: Validation loss improved from 0.01434 to 0.01335, saving model to /home/promise/jhernandez/3d-notebooks/3d/9jun25/9jun25/models/vit_pruebas_2/checkpoints/vit_pruebas_2.pt
[2025-06-09 13:22:49] Batch 1/56 of Epoch 33/200 - loss: 0.0102 - mae: 0.0102 - lr: 0.000010
[2025-06-09 13:23:34] Batch 11/56 of Epoch 33/200 - loss: 0.0076 - mae: 0.0076 - lr: 0.000010
[2025-06-09 13:24:19] Batch 21/56 of Epoch 33/200 - loss: 0.0076 - mae: 0.0076 - lr: 0.000010
[2025-06-09 13:25:04] Batch 31/56 of Epoch 33/200 - loss: 0.0072 - mae: 0.0072 - lr: 0.000010
[2025-06-09 13:25:49] Batch 41/56 of Epoch 33/200 - loss: 0.0073 - mae: 0.0073 - lr: 0.000010
[2025-06-09 13:26:34] Batch 51/56 of Epoch 33/200 - loss: 0.0073 - mae: 0.0073 - lr: 0.000010
[2025-06-09 13:26:57] Batch 56/56 of Epoch 33/200 - loss: 0.0074 - mae: 0.0074 - lr: 0.000010
[2025-06-09 13:27:01] Epoch 33/200 - 256.69s - loss: 0.0074 - mae: 0.0074 - val_loss: 0.0133 - val_mae: 0.0133 - lr: 0.000010
----------------------------------------------------------------------------------------------------
[2025-06-09 13:27:01] Epoch 33: val_loss improved from 0.01335 to 0.01325, saving model to /home/promise/jhernandez/3d-notebooks/3d/9jun25/9jun25/models/vit_pruebas_2/models/vit_pruebas_2.pth
[2025-06-09 13:27:02] Epoch None: Validation loss improved from 0.01335 to 0.01325, saving model to /home/promise/jhernandez/3d-notebooks/3d/9jun25/9jun25/models/vit_pruebas_2/checkpoints/vit_pruebas_2.pt
[2025-06-09 13:27:08] Batch 1/56 of Epoch 34/200 - loss: 0.0104 - mae: 0.0104 - lr: 0.000010
[2025-06-09 13:27:53] Batch 11/56 of Epoch 34/200 - loss: 0.0073 - mae: 0.0073 - lr: 0.000010
[2025-06-09 13:28:38] Batch 21/56 of Epoch 34/200 - loss: 0.0073 - mae: 0.0073 - lr: 0.000010
[2025-06-09 13:29:23] Batch 31/56 of Epoch 34/200 - loss: 0.0073 - mae: 0.0073 - lr: 0.000010
[2025-06-09 13:30:09] Batch 41/56 of Epoch 34/200 - loss: 0.0073 - mae: 0.0073 - lr: 0.000010
[2025-06-09 13:30:54] Batch 51/56 of Epoch 34/200 - loss: 0.0073 - mae: 0.0073 - lr: 0.000010
[2025-06-09 13:31:16] Batch 56/56 of Epoch 34/200 - loss: 0.0074 - mae: 0.0074 - lr: 0.000010
[2025-06-09 13:31:20] Epoch 34/200 - 256.91s - loss: 0.0074 - mae: 0.0074 - val_loss: 0.0132 - val_mae: 0.0132 - lr: 0.000010
----------------------------------------------------------------------------------------------------
[2025-06-09 13:31:20] Epoch 34: val_loss improved from 0.01325 to 0.01319, saving model to /home/promise/jhernandez/3d-notebooks/3d/9jun25/9jun25/models/vit_pruebas_2/models/vit_pruebas_2.pth
[2025-06-09 13:31:22] Epoch None: Validation loss improved from 0.01325 to 0.01319, saving model to /home/promise/jhernandez/3d-notebooks/3d/9jun25/9jun25/models/vit_pruebas_2/checkpoints/vit_pruebas_2.pt
[2025-06-09 13:31:28] Batch 1/56 of Epoch 35/200 - loss: 0.0058 - mae: 0.0058 - lr: 0.000010
[2025-06-09 13:32:13] Batch 11/56 of Epoch 35/200 - loss: 0.0068 - mae: 0.0068 - lr: 0.000010
[2025-06-09 13:32:58] Batch 21/56 of Epoch 35/200 - loss: 0.0075 - mae: 0.0075 - lr: 0.000010
[2025-06-09 13:33:43] Batch 31/56 of Epoch 35/200 - loss: 0.0074 - mae: 0.0074 - lr: 0.000010
[2025-06-09 13:34:29] Batch 41/56 of Epoch 35/200 - loss: 0.0073 - mae: 0.0073 - lr: 0.000010
[2025-06-09 13:35:14] Batch 51/56 of Epoch 35/200 - loss: 0.0074 - mae: 0.0074 - lr: 0.000010
[2025-06-09 13:35:36] Batch 56/56 of Epoch 35/200 - loss: 0.0073 - mae: 0.0073 - lr: 0.000010
[2025-06-09 13:35:40] Epoch 35/200 - 257.21s - loss: 0.0073 - mae: 0.0073 - val_loss: 0.0132 - val_mae: 0.0132 - lr: 0.000010
----------------------------------------------------------------------------------------------------
[2025-06-09 13:35:40] EarlyStopping counter: 1 out of 20
[2025-06-09 13:35:45] Batch 1/56 of Epoch 36/200 - loss: 0.0066 - mae: 0.0066 - lr: 0.000010
[2025-06-09 13:36:30] Batch 11/56 of Epoch 36/200 - loss: 0.0066 - mae: 0.0066 - lr: 0.000010
[2025-06-09 13:37:15] Batch 21/56 of Epoch 36/200 - loss: 0.0065 - mae: 0.0065 - lr: 0.000010
[2025-06-09 13:38:00] Batch 31/56 of Epoch 36/200 - loss: 0.0069 - mae: 0.0069 - lr: 0.000010
[2025-06-09 13:38:46] Batch 41/56 of Epoch 36/200 - loss: 0.0070 - mae: 0.0070 - lr: 0.000010
[2025-06-09 13:39:31] Batch 51/56 of Epoch 36/200 - loss: 0.0073 - mae: 0.0073 - lr: 0.000010
[2025-06-09 13:39:53] Batch 56/56 of Epoch 36/200 - loss: 0.0073 - mae: 0.0073 - lr: 0.000010
[2025-06-09 13:39:57] Epoch 36/200 - 256.88s - loss: 0.0073 - mae: 0.0073 - val_loss: 0.0132 - val_mae: 0.0132 - lr: 0.000010
----------------------------------------------------------------------------------------------------
[2025-06-09 13:39:57] EarlyStopping counter: 2 out of 20
[2025-06-09 13:40:02] Batch 1/56 of Epoch 37/200 - loss: 0.0107 - mae: 0.0107 - lr: 0.000010
[2025-06-09 13:40:47] Batch 11/56 of Epoch 37/200 - loss: 0.0067 - mae: 0.0067 - lr: 0.000010
[2025-06-09 13:41:32] Batch 21/56 of Epoch 37/200 - loss: 0.0071 - mae: 0.0071 - lr: 0.000010
[2025-06-09 13:42:17] Batch 31/56 of Epoch 37/200 - loss: 0.0069 - mae: 0.0069 - lr: 0.000010
[2025-06-09 13:43:02] Batch 41/56 of Epoch 37/200 - loss: 0.0072 - mae: 0.0072 - lr: 0.000010
[2025-06-09 13:43:47] Batch 51/56 of Epoch 37/200 - loss: 0.0074 - mae: 0.0074 - lr: 0.000010
[2025-06-09 13:44:10] Batch 56/56 of Epoch 37/200 - loss: 0.0073 - mae: 0.0073 - lr: 0.000010
[2025-06-09 13:44:14] Epoch 37/200 - 256.37s - loss: 0.0073 - mae: 0.0073 - val_loss: 0.0132 - val_mae: 0.0132 - lr: 0.000010
----------------------------------------------------------------------------------------------------
[2025-06-09 13:44:14] EarlyStopping counter: 3 out of 20
[2025-06-09 13:44:19] Batch 1/56 of Epoch 38/200 - loss: 0.0065 - mae: 0.0065 - lr: 0.000010
[2025-06-09 13:45:03] Batch 11/56 of Epoch 38/200 - loss: 0.0067 - mae: 0.0067 - lr: 0.000010
[2025-06-09 13:45:48] Batch 21/56 of Epoch 38/200 - loss: 0.0071 - mae: 0.0071 - lr: 0.000010
[2025-06-09 13:46:34] Batch 31/56 of Epoch 38/200 - loss: 0.0070 - mae: 0.0070 - lr: 0.000010
[2025-06-09 13:47:19] Batch 41/56 of Epoch 38/200 - loss: 0.0071 - mae: 0.0071 - lr: 0.000010
[2025-06-09 13:48:04] Batch 51/56 of Epoch 38/200 - loss: 0.0073 - mae: 0.0073 - lr: 0.000010
[2025-06-09 13:48:26] Batch 56/56 of Epoch 38/200 - loss: 0.0073 - mae: 0.0073 - lr: 0.000010
[2025-06-09 13:48:31] Epoch 38/200 - 256.85s - loss: 0.0073 - mae: 0.0073 - val_loss: 0.0132 - val_mae: 0.0132 - lr: 0.000010
----------------------------------------------------------------------------------------------------
[2025-06-09 13:48:31] Reducing learning rate from 0.000010 to 0.000001
[2025-06-09 13:48:31] EarlyStopping counter: 4 out of 20
[2025-06-09 13:48:35] Batch 1/56 of Epoch 39/200 - loss: 0.0082 - mae: 0.0082 - lr: 0.000001
[2025-06-09 13:49:20] Batch 11/56 of Epoch 39/200 - loss: 0.0074 - mae: 0.0074 - lr: 0.000001
[2025-06-09 13:50:05] Batch 21/56 of Epoch 39/200 - loss: 0.0073 - mae: 0.0073 - lr: 0.000001
[2025-06-09 13:50:50] Batch 31/56 of Epoch 39/200 - loss: 0.0073 - mae: 0.0073 - lr: 0.000001
[2025-06-09 13:51:36] Batch 41/56 of Epoch 39/200 - loss: 0.0072 - mae: 0.0072 - lr: 0.000001
[2025-06-09 13:52:21] Batch 51/56 of Epoch 39/200 - loss: 0.0072 - mae: 0.0072 - lr: 0.000001
[2025-06-09 13:52:43] Batch 56/56 of Epoch 39/200 - loss: 0.0072 - mae: 0.0072 - lr: 0.000001
[2025-06-09 13:52:47] Epoch 39/200 - 256.79s - loss: 0.0072 - mae: 0.0072 - val_loss: 0.0132 - val_mae: 0.0132 - lr: 0.000001
----------------------------------------------------------------------------------------------------
[2025-06-09 13:52:47] Epoch 39: val_loss improved from 0.01319 to 0.01318, saving model to /home/promise/jhernandez/3d-notebooks/3d/9jun25/9jun25/models/vit_pruebas_2/models/vit_pruebas_2.pth
[2025-06-09 13:52:49] Epoch None: Validation loss improved from 0.01319 to 0.01318, saving model to /home/promise/jhernandez/3d-notebooks/3d/9jun25/9jun25/models/vit_pruebas_2/checkpoints/vit_pruebas_2.pt
[2025-06-09 13:52:55] Batch 1/56 of Epoch 40/200 - loss: 0.0074 - mae: 0.0074 - lr: 0.000001
[2025-06-09 13:53:40] Batch 11/56 of Epoch 40/200 - loss: 0.0072 - mae: 0.0072 - lr: 0.000001
[2025-06-09 13:54:25] Batch 21/56 of Epoch 40/200 - loss: 0.0068 - mae: 0.0068 - lr: 0.000001
[2025-06-09 13:55:10] Batch 31/56 of Epoch 40/200 - loss: 0.0068 - mae: 0.0068 - lr: 0.000001
[2025-06-09 13:55:55] Batch 41/56 of Epoch 40/200 - loss: 0.0071 - mae: 0.0071 - lr: 0.000001
[2025-06-09 13:56:40] Batch 51/56 of Epoch 40/200 - loss: 0.0072 - mae: 0.0072 - lr: 0.000001
[2025-06-09 13:57:03] Batch 56/56 of Epoch 40/200 - loss: 0.0072 - mae: 0.0072 - lr: 0.000001
[2025-06-09 13:57:07] Epoch 40/200 - 256.87s - loss: 0.0072 - mae: 0.0072 - val_loss: 0.0132 - val_mae: 0.0132 - lr: 0.000001
----------------------------------------------------------------------------------------------------
[2025-06-09 13:57:07] Epoch 40: val_loss improved from 0.01318 to 0.01317, saving model to /home/promise/jhernandez/3d-notebooks/3d/9jun25/9jun25/models/vit_pruebas_2/models/vit_pruebas_2.pth
[2025-06-09 13:57:08] Epoch None: Validation loss improved from 0.01318 to 0.01317, saving model to /home/promise/jhernandez/3d-notebooks/3d/9jun25/9jun25/models/vit_pruebas_2/checkpoints/vit_pruebas_2.pt
[2025-06-09 13:57:14] Batch 1/56 of Epoch 41/200 - loss: 0.0053 - mae: 0.0053 - lr: 0.000001
[2025-06-09 13:57:59] Batch 11/56 of Epoch 41/200 - loss: 0.0069 - mae: 0.0069 - lr: 0.000001
[2025-06-09 13:58:44] Batch 21/56 of Epoch 41/200 - loss: 0.0064 - mae: 0.0064 - lr: 0.000001
[2025-06-09 13:59:29] Batch 31/56 of Epoch 41/200 - loss: 0.0066 - mae: 0.0066 - lr: 0.000001
[2025-06-09 14:00:14] Batch 41/56 of Epoch 41/200 - loss: 0.0070 - mae: 0.0070 - lr: 0.000001
[2025-06-09 14:00:59] Batch 51/56 of Epoch 41/200 - loss: 0.0072 - mae: 0.0072 - lr: 0.000001
[2025-06-09 14:01:22] Batch 56/56 of Epoch 41/200 - loss: 0.0072 - mae: 0.0072 - lr: 0.000001
[2025-06-09 14:01:26] Epoch 41/200 - 256.65s - loss: 0.0072 - mae: 0.0072 - val_loss: 0.0132 - val_mae: 0.0132 - lr: 0.000001
----------------------------------------------------------------------------------------------------
[2025-06-09 14:01:26] EarlyStopping counter: 1 out of 20
[2025-06-09 14:01:31] Batch 1/56 of Epoch 42/200 - loss: 0.0069 - mae: 0.0069 - lr: 0.000001
[2025-06-09 14:02:16] Batch 11/56 of Epoch 42/200 - loss: 0.0069 - mae: 0.0069 - lr: 0.000001
[2025-06-09 14:03:01] Batch 21/56 of Epoch 42/200 - loss: 0.0066 - mae: 0.0066 - lr: 0.000001
[2025-06-09 14:03:46] Batch 31/56 of Epoch 42/200 - loss: 0.0068 - mae: 0.0068 - lr: 0.000001
[2025-06-09 14:04:31] Batch 41/56 of Epoch 42/200 - loss: 0.0072 - mae: 0.0072 - lr: 0.000001
[2025-06-09 14:05:16] Batch 51/56 of Epoch 42/200 - loss: 0.0073 - mae: 0.0073 - lr: 0.000001
[2025-06-09 14:05:39] Batch 56/56 of Epoch 42/200 - loss: 0.0072 - mae: 0.0072 - lr: 0.000001
[2025-06-09 14:05:43] Epoch 42/200 - 256.82s - loss: 0.0072 - mae: 0.0072 - val_loss: 0.0132 - val_mae: 0.0132 - lr: 0.000001
----------------------------------------------------------------------------------------------------
[2025-06-09 14:05:43] EarlyStopping counter: 2 out of 20
[2025-06-09 14:05:48] Batch 1/56 of Epoch 43/200 - loss: 0.0091 - mae: 0.0091 - lr: 0.000001
[2025-06-09 14:06:33] Batch 11/56 of Epoch 43/200 - loss: 0.0080 - mae: 0.0080 - lr: 0.000001
[2025-06-09 14:07:18] Batch 21/56 of Epoch 43/200 - loss: 0.0075 - mae: 0.0075 - lr: 0.000001
[2025-06-09 14:08:03] Batch 31/56 of Epoch 43/200 - loss: 0.0072 - mae: 0.0072 - lr: 0.000001
[2025-06-09 14:08:48] Batch 41/56 of Epoch 43/200 - loss: 0.0073 - mae: 0.0073 - lr: 0.000001
[2025-06-09 14:09:33] Batch 51/56 of Epoch 43/200 - loss: 0.0072 - mae: 0.0072 - lr: 0.000001
[2025-06-09 14:09:56] Batch 56/56 of Epoch 43/200 - loss: 0.0072 - mae: 0.0072 - lr: 0.000001
[2025-06-09 14:10:00] Epoch 43/200 - 257.03s - loss: 0.0072 - mae: 0.0072 - val_loss: 0.0132 - val_mae: 0.0132 - lr: 0.000001
----------------------------------------------------------------------------------------------------
[2025-06-09 14:10:00] Epoch 43: val_loss improved from 0.01317 to 0.01316, saving model to /home/promise/jhernandez/3d-notebooks/3d/9jun25/9jun25/models/vit_pruebas_2/models/vit_pruebas_2.pth
[2025-06-09 14:10:01] Epoch None: Validation loss improved from 0.01317 to 0.01316, saving model to /home/promise/jhernandez/3d-notebooks/3d/9jun25/9jun25/models/vit_pruebas_2/checkpoints/vit_pruebas_2.pt
[2025-06-09 14:10:08] Batch 1/56 of Epoch 44/200 - loss: 0.0051 - mae: 0.0051 - lr: 0.000001
[2025-06-09 14:10:53] Batch 11/56 of Epoch 44/200 - loss: 0.0067 - mae: 0.0067 - lr: 0.000001
[2025-06-09 14:11:38] Batch 21/56 of Epoch 44/200 - loss: 0.0069 - mae: 0.0069 - lr: 0.000001
[2025-06-09 14:12:23] Batch 31/56 of Epoch 44/200 - loss: 0.0070 - mae: 0.0070 - lr: 0.000001
[2025-06-09 14:13:08] Batch 41/56 of Epoch 44/200 - loss: 0.0070 - mae: 0.0070 - lr: 0.000001
[2025-06-09 14:13:53] Batch 51/56 of Epoch 44/200 - loss: 0.0071 - mae: 0.0071 - lr: 0.000001
[2025-06-09 14:14:15] Batch 56/56 of Epoch 44/200 - loss: 0.0072 - mae: 0.0072 - lr: 0.000001
[2025-06-09 14:14:19] Epoch 44/200 - 256.55s - loss: 0.0072 - mae: 0.0072 - val_loss: 0.0132 - val_mae: 0.0132 - lr: 0.000001
----------------------------------------------------------------------------------------------------
[2025-06-09 14:14:19] EarlyStopping counter: 1 out of 20
[2025-06-09 14:14:24] Batch 1/56 of Epoch 45/200 - loss: 0.0052 - mae: 0.0052 - lr: 0.000001
[2025-06-09 14:15:09] Batch 11/56 of Epoch 45/200 - loss: 0.0066 - mae: 0.0066 - lr: 0.000001
[2025-06-09 14:15:54] Batch 21/56 of Epoch 45/200 - loss: 0.0069 - mae: 0.0069 - lr: 0.000001
[2025-06-09 14:16:39] Batch 31/56 of Epoch 45/200 - loss: 0.0072 - mae: 0.0072 - lr: 0.000001
[2025-06-09 14:17:24] Batch 41/56 of Epoch 45/200 - loss: 0.0072 - mae: 0.0072 - lr: 0.000001
[2025-06-09 14:18:09] Batch 51/56 of Epoch 45/200 - loss: 0.0072 - mae: 0.0072 - lr: 0.000001
[2025-06-09 14:18:32] Batch 56/56 of Epoch 45/200 - loss: 0.0072 - mae: 0.0072 - lr: 0.000001
[2025-06-09 14:18:36] Epoch 45/200 - 256.27s - loss: 0.0072 - mae: 0.0072 - val_loss: 0.0132 - val_mae: 0.0132 - lr: 0.000001
----------------------------------------------------------------------------------------------------
[2025-06-09 14:18:36] EarlyStopping counter: 2 out of 20
[2025-06-09 14:18:41] Batch 1/56 of Epoch 46/200 - loss: 0.0060 - mae: 0.0060 - lr: 0.000001
[2025-06-09 14:19:25] Batch 11/56 of Epoch 46/200 - loss: 0.0062 - mae: 0.0062 - lr: 0.000001
[2025-06-09 14:20:10] Batch 21/56 of Epoch 46/200 - loss: 0.0072 - mae: 0.0072 - lr: 0.000001
[2025-06-09 14:20:55] Batch 31/56 of Epoch 46/200 - loss: 0.0071 - mae: 0.0071 - lr: 0.000001
[2025-06-09 14:21:40] Batch 41/56 of Epoch 46/200 - loss: 0.0072 - mae: 0.0072 - lr: 0.000001
[2025-06-09 14:22:25] Batch 51/56 of Epoch 46/200 - loss: 0.0073 - mae: 0.0073 - lr: 0.000001
[2025-06-09 14:22:48] Batch 56/56 of Epoch 46/200 - loss: 0.0072 - mae: 0.0072 - lr: 0.000001
[2025-06-09 14:22:52] Epoch 46/200 - 256.03s - loss: 0.0072 - mae: 0.0072 - val_loss: 0.0132 - val_mae: 0.0132 - lr: 0.000001
----------------------------------------------------------------------------------------------------
[2025-06-09 14:22:52] EarlyStopping counter: 3 out of 20
[2025-06-09 14:22:57] Batch 1/56 of Epoch 47/200 - loss: 0.0094 - mae: 0.0094 - lr: 0.000001
[2025-06-09 14:23:41] Batch 11/56 of Epoch 47/200 - loss: 0.0081 - mae: 0.0081 - lr: 0.000001
[2025-06-09 14:24:26] Batch 21/56 of Epoch 47/200 - loss: 0.0074 - mae: 0.0074 - lr: 0.000001
[2025-06-09 14:25:11] Batch 31/56 of Epoch 47/200 - loss: 0.0073 - mae: 0.0073 - lr: 0.000001
[2025-06-09 14:25:56] Batch 41/56 of Epoch 47/200 - loss: 0.0073 - mae: 0.0073 - lr: 0.000001
[2025-06-09 14:26:41] Batch 51/56 of Epoch 47/200 - loss: 0.0072 - mae: 0.0072 - lr: 0.000001
[2025-06-09 14:27:04] Batch 56/56 of Epoch 47/200 - loss: 0.0072 - mae: 0.0072 - lr: 0.000001
[2025-06-09 14:27:08] Epoch 47/200 - 256.03s - loss: 0.0072 - mae: 0.0072 - val_loss: 0.0132 - val_mae: 0.0132 - lr: 0.000001
----------------------------------------------------------------------------------------------------
[2025-06-09 14:27:08] Reducing learning rate from 0.000001 to 0.000000
[2025-06-09 14:27:08] EarlyStopping counter: 4 out of 20
[2025-06-09 14:27:13] Batch 1/56 of Epoch 48/200 - loss: 0.0057 - mae: 0.0057 - lr: 0.000000
[2025-06-09 14:27:57] Batch 11/56 of Epoch 48/200 - loss: 0.0070 - mae: 0.0070 - lr: 0.000000
[2025-06-09 14:28:42] Batch 21/56 of Epoch 48/200 - loss: 0.0074 - mae: 0.0074 - lr: 0.000000
[2025-06-09 14:29:27] Batch 31/56 of Epoch 48/200 - loss: 0.0072 - mae: 0.0072 - lr: 0.000000
[2025-06-09 14:30:12] Batch 41/56 of Epoch 48/200 - loss: 0.0072 - mae: 0.0072 - lr: 0.000000
[2025-06-09 14:30:57] Batch 51/56 of Epoch 48/200 - loss: 0.0071 - mae: 0.0071 - lr: 0.000000
[2025-06-09 14:31:20] Batch 56/56 of Epoch 48/200 - loss: 0.0072 - mae: 0.0072 - lr: 0.000000
[2025-06-09 14:31:24] Epoch 48/200 - 256.24s - loss: 0.0072 - mae: 0.0072 - val_loss: 0.0132 - val_mae: 0.0132 - lr: 0.000000
----------------------------------------------------------------------------------------------------
[2025-06-09 14:31:24] EarlyStopping counter: 5 out of 20
[2025-06-09 14:31:29] Batch 1/56 of Epoch 49/200 - loss: 0.0112 - mae: 0.0112 - lr: 0.000000
[2025-06-09 14:32:14] Batch 11/56 of Epoch 49/200 - loss: 0.0075 - mae: 0.0075 - lr: 0.000000
[2025-06-09 14:32:58] Batch 21/56 of Epoch 49/200 - loss: 0.0073 - mae: 0.0073 - lr: 0.000000
[2025-06-09 14:33:44] Batch 31/56 of Epoch 49/200 - loss: 0.0071 - mae: 0.0071 - lr: 0.000000
[2025-06-09 14:34:29] Batch 41/56 of Epoch 49/200 - loss: 0.0071 - mae: 0.0071 - lr: 0.000000
[2025-06-09 14:35:13] Batch 51/56 of Epoch 49/200 - loss: 0.0072 - mae: 0.0072 - lr: 0.000000
[2025-06-09 14:35:36] Batch 56/56 of Epoch 49/200 - loss: 0.0072 - mae: 0.0072 - lr: 0.000000
[2025-06-09 14:35:40] Epoch 49/200 - 256.01s - loss: 0.0072 - mae: 0.0072 - val_loss: 0.0132 - val_mae: 0.0132 - lr: 0.000000
----------------------------------------------------------------------------------------------------
[2025-06-09 14:35:40] Epoch 49: val_loss improved from 0.01316 to 0.01316, saving model to /home/promise/jhernandez/3d-notebooks/3d/9jun25/9jun25/models/vit_pruebas_2/models/vit_pruebas_2.pth
[2025-06-09 14:35:41] Epoch None: Validation loss improved from 0.01316 to 0.01316, saving model to /home/promise/jhernandez/3d-notebooks/3d/9jun25/9jun25/models/vit_pruebas_2/checkpoints/vit_pruebas_2.pt
[2025-06-09 14:35:48] Batch 1/56 of Epoch 50/200 - loss: 0.0094 - mae: 0.0094 - lr: 0.000000
[2025-06-09 14:36:32] Batch 11/56 of Epoch 50/200 - loss: 0.0074 - mae: 0.0074 - lr: 0.000000
[2025-06-09 14:37:17] Batch 21/56 of Epoch 50/200 - loss: 0.0069 - mae: 0.0069 - lr: 0.000000
[2025-06-09 14:38:02] Batch 31/56 of Epoch 50/200 - loss: 0.0071 - mae: 0.0071 - lr: 0.000000
[2025-06-09 14:38:47] Batch 41/56 of Epoch 50/200 - loss: 0.0071 - mae: 0.0071 - lr: 0.000000
[2025-06-09 14:39:32] Batch 51/56 of Epoch 50/200 - loss: 0.0072 - mae: 0.0072 - lr: 0.000000
[2025-06-09 14:39:55] Batch 56/56 of Epoch 50/200 - loss: 0.0072 - mae: 0.0072 - lr: 0.000000
[2025-06-09 14:39:59] Epoch 50/200 - 255.87s - loss: 0.0072 - mae: 0.0072 - val_loss: 0.0132 - val_mae: 0.0132 - lr: 0.000000
----------------------------------------------------------------------------------------------------
[2025-06-09 14:39:59] EarlyStopping counter: 1 out of 20
[2025-06-09 14:40:04] Batch 1/56 of Epoch 51/200 - loss: 0.0064 - mae: 0.0064 - lr: 0.000000
[2025-06-09 14:40:48] Batch 11/56 of Epoch 51/200 - loss: 0.0078 - mae: 0.0078 - lr: 0.000000
[2025-06-09 14:41:33] Batch 21/56 of Epoch 51/200 - loss: 0.0078 - mae: 0.0078 - lr: 0.000000
[2025-06-09 14:42:18] Batch 31/56 of Epoch 51/200 - loss: 0.0075 - mae: 0.0075 - lr: 0.000000
[2025-06-09 14:43:03] Batch 41/56 of Epoch 51/200 - loss: 0.0073 - mae: 0.0073 - lr: 0.000000
[2025-06-09 14:43:48] Batch 51/56 of Epoch 51/200 - loss: 0.0072 - mae: 0.0072 - lr: 0.000000
[2025-06-09 14:44:10] Batch 56/56 of Epoch 51/200 - loss: 0.0072 - mae: 0.0072 - lr: 0.000000
[2025-06-09 14:44:15] Epoch 51/200 - 255.71s - loss: 0.0072 - mae: 0.0072 - val_loss: 0.0132 - val_mae: 0.0132 - lr: 0.000000
----------------------------------------------------------------------------------------------------
[2025-06-09 14:44:15] EarlyStopping counter: 2 out of 20
[2025-06-09 14:44:19] Batch 1/56 of Epoch 52/200 - loss: 0.0079 - mae: 0.0079 - lr: 0.000000
[2025-06-09 14:45:04] Batch 11/56 of Epoch 52/200 - loss: 0.0064 - mae: 0.0064 - lr: 0.000000
[2025-06-09 14:45:49] Batch 21/56 of Epoch 52/200 - loss: 0.0065 - mae: 0.0065 - lr: 0.000000
[2025-06-09 14:46:34] Batch 31/56 of Epoch 52/200 - loss: 0.0069 - mae: 0.0069 - lr: 0.000000
[2025-06-09 14:47:19] Batch 41/56 of Epoch 52/200 - loss: 0.0068 - mae: 0.0068 - lr: 0.000000
[2025-06-09 14:48:04] Batch 51/56 of Epoch 52/200 - loss: 0.0070 - mae: 0.0070 - lr: 0.000000
[2025-06-09 14:48:26] Batch 56/56 of Epoch 52/200 - loss: 0.0072 - mae: 0.0072 - lr: 0.000000
[2025-06-09 14:48:31] Epoch 52/200 - 256.00s - loss: 0.0072 - mae: 0.0072 - val_loss: 0.0132 - val_mae: 0.0132 - lr: 0.000000
----------------------------------------------------------------------------------------------------
[2025-06-09 14:48:31] EarlyStopping counter: 3 out of 20
[2025-06-09 14:48:35] Batch 1/56 of Epoch 53/200 - loss: 0.0079 - mae: 0.0079 - lr: 0.000000
[2025-06-09 14:49:20] Batch 11/56 of Epoch 53/200 - loss: 0.0068 - mae: 0.0068 - lr: 0.000000
[2025-06-09 14:50:05] Batch 21/56 of Epoch 53/200 - loss: 0.0068 - mae: 0.0068 - lr: 0.000000
[2025-06-09 14:50:50] Batch 31/56 of Epoch 53/200 - loss: 0.0070 - mae: 0.0070 - lr: 0.000000
[2025-06-09 14:51:35] Batch 41/56 of Epoch 53/200 - loss: 0.0070 - mae: 0.0070 - lr: 0.000000
[2025-06-09 14:52:20] Batch 51/56 of Epoch 53/200 - loss: 0.0072 - mae: 0.0072 - lr: 0.000000
[2025-06-09 14:52:42] Batch 56/56 of Epoch 53/200 - loss: 0.0072 - mae: 0.0072 - lr: 0.000000
[2025-06-09 14:52:46] Epoch 53/200 - 255.85s - loss: 0.0072 - mae: 0.0072 - val_loss: 0.0132 - val_mae: 0.0132 - lr: 0.000000
----------------------------------------------------------------------------------------------------
[2025-06-09 14:52:46] Reducing learning rate from 0.000000 to 0.000000
[2025-06-09 14:52:46] EarlyStopping counter: 4 out of 20
[2025-06-09 14:52:51] Batch 1/56 of Epoch 54/200 - loss: 0.0066 - mae: 0.0066 - lr: 0.000000
[2025-06-09 14:53:36] Batch 11/56 of Epoch 54/200 - loss: 0.0069 - mae: 0.0069 - lr: 0.000000
[2025-06-09 14:54:21] Batch 21/56 of Epoch 54/200 - loss: 0.0068 - mae: 0.0068 - lr: 0.000000
[2025-06-09 14:55:06] Batch 31/56 of Epoch 54/200 - loss: 0.0069 - mae: 0.0069 - lr: 0.000000
[2025-06-09 14:55:51] Batch 41/56 of Epoch 54/200 - loss: 0.0071 - mae: 0.0071 - lr: 0.000000
[2025-06-09 14:56:36] Batch 51/56 of Epoch 54/200 - loss: 0.0072 - mae: 0.0072 - lr: 0.000000
[2025-06-09 14:56:58] Batch 56/56 of Epoch 54/200 - loss: 0.0072 - mae: 0.0072 - lr: 0.000000
[2025-06-09 14:57:03] Epoch 54/200 - 256.22s - loss: 0.0072 - mae: 0.0072 - val_loss: 0.0132 - val_mae: 0.0132 - lr: 0.000000
----------------------------------------------------------------------------------------------------
[2025-06-09 14:57:03] EarlyStopping counter: 5 out of 20
[2025-06-09 14:57:08] Batch 1/56 of Epoch 55/200 - loss: 0.0082 - mae: 0.0082 - lr: 0.000000
[2025-06-09 14:57:52] Batch 11/56 of Epoch 55/200 - loss: 0.0067 - mae: 0.0067 - lr: 0.000000
[2025-06-09 14:58:37] Batch 21/56 of Epoch 55/200 - loss: 0.0066 - mae: 0.0066 - lr: 0.000000
[2025-06-09 14:59:22] Batch 31/56 of Epoch 55/200 - loss: 0.0070 - mae: 0.0070 - lr: 0.000000
[2025-06-09 15:00:07] Batch 41/56 of Epoch 55/200 - loss: 0.0071 - mae: 0.0071 - lr: 0.000000
[2025-06-09 15:00:52] Batch 51/56 of Epoch 55/200 - loss: 0.0070 - mae: 0.0070 - lr: 0.000000
[2025-06-09 15:01:15] Batch 56/56 of Epoch 55/200 - loss: 0.0072 - mae: 0.0072 - lr: 0.000000
[2025-06-09 15:01:19] Epoch 55/200 - 256.04s - loss: 0.0072 - mae: 0.0072 - val_loss: 0.0132 - val_mae: 0.0132 - lr: 0.000000
----------------------------------------------------------------------------------------------------
[2025-06-09 15:01:19] EarlyStopping counter: 6 out of 20
[2025-06-09 15:01:24] Batch 1/56 of Epoch 56/200 - loss: 0.0080 - mae: 0.0080 - lr: 0.000000
[2025-06-09 15:02:08] Batch 11/56 of Epoch 56/200 - loss: 0.0069 - mae: 0.0069 - lr: 0.000000
[2025-06-09 15:02:53] Batch 21/56 of Epoch 56/200 - loss: 0.0072 - mae: 0.0072 - lr: 0.000000
[2025-06-09 15:03:38] Batch 31/56 of Epoch 56/200 - loss: 0.0076 - mae: 0.0076 - lr: 0.000000
[2025-06-09 15:04:23] Batch 41/56 of Epoch 56/200 - loss: 0.0073 - mae: 0.0073 - lr: 0.000000
[2025-06-09 15:05:08] Batch 51/56 of Epoch 56/200 - loss: 0.0071 - mae: 0.0071 - lr: 0.000000
[2025-06-09 15:05:30] Batch 56/56 of Epoch 56/200 - loss: 0.0072 - mae: 0.0072 - lr: 0.000000
[2025-06-09 15:05:35] Epoch 56/200 - 255.85s - loss: 0.0072 - mae: 0.0072 - val_loss: 0.0132 - val_mae: 0.0132 - lr: 0.000000
----------------------------------------------------------------------------------------------------
[2025-06-09 15:05:35] EarlyStopping counter: 7 out of 20
[2025-06-09 15:05:39] Batch 1/56 of Epoch 57/200 - loss: 0.0080 - mae: 0.0080 - lr: 0.000000
[2025-06-09 15:06:24] Batch 11/56 of Epoch 57/200 - loss: 0.0075 - mae: 0.0075 - lr: 0.000000
[2025-06-09 15:07:09] Batch 21/56 of Epoch 57/200 - loss: 0.0074 - mae: 0.0074 - lr: 0.000000
[2025-06-09 15:07:54] Batch 31/56 of Epoch 57/200 - loss: 0.0072 - mae: 0.0072 - lr: 0.000000
[2025-06-09 15:08:39] Batch 41/56 of Epoch 57/200 - loss: 0.0073 - mae: 0.0073 - lr: 0.000000
[2025-06-09 15:09:24] Batch 51/56 of Epoch 57/200 - loss: 0.0071 - mae: 0.0071 - lr: 0.000000
[2025-06-09 15:09:46] Batch 56/56 of Epoch 57/200 - loss: 0.0072 - mae: 0.0072 - lr: 0.000000
[2025-06-09 15:09:51] Epoch 57/200 - 256.03s - loss: 0.0072 - mae: 0.0072 - val_loss: 0.0132 - val_mae: 0.0132 - lr: 0.000000
----------------------------------------------------------------------------------------------------
[2025-06-09 15:09:51] Reducing learning rate from 0.000000 to 0.000000
[2025-06-09 15:09:51] EarlyStopping counter: 8 out of 20
[2025-06-09 15:09:55] Batch 1/56 of Epoch 58/200 - loss: 0.0075 - mae: 0.0075 - lr: 0.000000
[2025-06-09 15:10:40] Batch 11/56 of Epoch 58/200 - loss: 0.0070 - mae: 0.0070 - lr: 0.000000
[2025-06-09 15:11:25] Batch 21/56 of Epoch 58/200 - loss: 0.0068 - mae: 0.0068 - lr: 0.000000
[2025-06-09 15:12:10] Batch 31/56 of Epoch 58/200 - loss: 0.0067 - mae: 0.0067 - lr: 0.000000
[2025-06-09 15:12:55] Batch 41/56 of Epoch 58/200 - loss: 0.0068 - mae: 0.0068 - lr: 0.000000
[2025-06-09 15:13:40] Batch 51/56 of Epoch 58/200 - loss: 0.0071 - mae: 0.0071 - lr: 0.000000
[2025-06-09 15:14:03] Batch 56/56 of Epoch 58/200 - loss: 0.0072 - mae: 0.0072 - lr: 0.000000
[2025-06-09 15:14:07] Epoch 58/200 - 256.12s - loss: 0.0072 - mae: 0.0072 - val_loss: 0.0132 - val_mae: 0.0132 - lr: 0.000000
----------------------------------------------------------------------------------------------------
[2025-06-09 15:14:07] EarlyStopping counter: 9 out of 20
[2025-06-09 15:14:12] Batch 1/56 of Epoch 59/200 - loss: 0.0053 - mae: 0.0053 - lr: 0.000000
[2025-06-09 15:14:56] Batch 11/56 of Epoch 59/200 - loss: 0.0070 - mae: 0.0070 - lr: 0.000000
[2025-06-09 15:15:41] Batch 21/56 of Epoch 59/200 - loss: 0.0075 - mae: 0.0075 - lr: 0.000000
[2025-06-09 15:16:26] Batch 31/56 of Epoch 59/200 - loss: 0.0075 - mae: 0.0075 - lr: 0.000000
[2025-06-09 15:17:11] Batch 41/56 of Epoch 59/200 - loss: 0.0074 - mae: 0.0074 - lr: 0.000000
[2025-06-09 15:17:56] Batch 51/56 of Epoch 59/200 - loss: 0.0073 - mae: 0.0073 - lr: 0.000000
[2025-06-09 15:18:19] Batch 56/56 of Epoch 59/200 - loss: 0.0072 - mae: 0.0072 - lr: 0.000000
[2025-06-09 15:18:23] Epoch 59/200 - 256.11s - loss: 0.0072 - mae: 0.0072 - val_loss: 0.0132 - val_mae: 0.0132 - lr: 0.000000
----------------------------------------------------------------------------------------------------
[2025-06-09 15:18:23] EarlyStopping counter: 10 out of 20
[2025-06-09 15:18:28] Batch 1/56 of Epoch 60/200 - loss: 0.0091 - mae: 0.0091 - lr: 0.000000
[2025-06-09 15:19:12] Batch 11/56 of Epoch 60/200 - loss: 0.0074 - mae: 0.0074 - lr: 0.000000
[2025-06-09 15:19:57] Batch 21/56 of Epoch 60/200 - loss: 0.0074 - mae: 0.0074 - lr: 0.000000
[2025-06-09 15:20:42] Batch 31/56 of Epoch 60/200 - loss: 0.0070 - mae: 0.0070 - lr: 0.000000
[2025-06-09 15:21:27] Batch 41/56 of Epoch 60/200 - loss: 0.0070 - mae: 0.0070 - lr: 0.000000
[2025-06-09 15:22:12] Batch 51/56 of Epoch 60/200 - loss: 0.0072 - mae: 0.0072 - lr: 0.000000
[2025-06-09 15:22:35] Batch 56/56 of Epoch 60/200 - loss: 0.0072 - mae: 0.0072 - lr: 0.000000
[2025-06-09 15:22:39] Epoch 60/200 - 256.03s - loss: 0.0072 - mae: 0.0072 - val_loss: 0.0132 - val_mae: 0.0132 - lr: 0.000000
----------------------------------------------------------------------------------------------------
[2025-06-09 15:22:39] EarlyStopping counter: 11 out of 20
[2025-06-09 15:22:44] Batch 1/56 of Epoch 61/200 - loss: 0.0057 - mae: 0.0057 - lr: 0.000000
[2025-06-09 15:23:28] Batch 11/56 of Epoch 61/200 - loss: 0.0066 - mae: 0.0066 - lr: 0.000000
[2025-06-09 15:24:13] Batch 21/56 of Epoch 61/200 - loss: 0.0069 - mae: 0.0069 - lr: 0.000000
[2025-06-09 15:24:58] Batch 31/56 of Epoch 61/200 - loss: 0.0074 - mae: 0.0074 - lr: 0.000000
[2025-06-09 15:25:43] Batch 41/56 of Epoch 61/200 - loss: 0.0071 - mae: 0.0071 - lr: 0.000000
[2025-06-09 15:26:28] Batch 51/56 of Epoch 61/200 - loss: 0.0073 - mae: 0.0073 - lr: 0.000000
[2025-06-09 15:26:51] Batch 56/56 of Epoch 61/200 - loss: 0.0072 - mae: 0.0072 - lr: 0.000000
[2025-06-09 15:26:55] Epoch 61/200 - 256.02s - loss: 0.0072 - mae: 0.0072 - val_loss: 0.0132 - val_mae: 0.0132 - lr: 0.000000
----------------------------------------------------------------------------------------------------
[2025-06-09 15:26:55] Reducing learning rate from 0.000000 to 0.000000
[2025-06-09 15:26:55] EarlyStopping counter: 12 out of 20
[2025-06-09 15:27:00] Batch 1/56 of Epoch 62/200 - loss: 0.0039 - mae: 0.0039 - lr: 0.000000
[2025-06-09 15:27:45] Batch 11/56 of Epoch 62/200 - loss: 0.0076 - mae: 0.0076 - lr: 0.000000
[2025-06-09 15:28:30] Batch 21/56 of Epoch 62/200 - loss: 0.0074 - mae: 0.0074 - lr: 0.000000
[2025-06-09 15:29:15] Batch 31/56 of Epoch 62/200 - loss: 0.0074 - mae: 0.0074 - lr: 0.000000
[2025-06-09 15:30:00] Batch 41/56 of Epoch 62/200 - loss: 0.0073 - mae: 0.0073 - lr: 0.000000
[2025-06-09 15:30:45] Batch 51/56 of Epoch 62/200 - loss: 0.0071 - mae: 0.0071 - lr: 0.000000
[2025-06-09 15:31:07] Batch 56/56 of Epoch 62/200 - loss: 0.0072 - mae: 0.0072 - lr: 0.000000
[2025-06-09 15:31:11] Epoch 62/200 - 256.24s - loss: 0.0072 - mae: 0.0072 - val_loss: 0.0132 - val_mae: 0.0132 - lr: 0.000000
----------------------------------------------------------------------------------------------------
[2025-06-09 15:31:11] EarlyStopping counter: 13 out of 20
[2025-06-09 15:31:16] Batch 1/56 of Epoch 63/200 - loss: 0.0095 - mae: 0.0095 - lr: 0.000000
[2025-06-09 15:32:01] Batch 11/56 of Epoch 63/200 - loss: 0.0076 - mae: 0.0076 - lr: 0.000000
[2025-06-09 15:32:46] Batch 21/56 of Epoch 63/200 - loss: 0.0070 - mae: 0.0070 - lr: 0.000000
[2025-06-09 15:33:31] Batch 31/56 of Epoch 63/200 - loss: 0.0073 - mae: 0.0073 - lr: 0.000000
[2025-06-09 15:34:16] Batch 41/56 of Epoch 63/200 - loss: 0.0073 - mae: 0.0073 - lr: 0.000000
[2025-06-09 15:35:00] Batch 51/56 of Epoch 63/200 - loss: 0.0072 - mae: 0.0072 - lr: 0.000000
[2025-06-09 15:35:23] Batch 56/56 of Epoch 63/200 - loss: 0.0072 - mae: 0.0072 - lr: 0.000000
[2025-06-09 15:35:27] Epoch 63/200 - 255.91s - loss: 0.0072 - mae: 0.0072 - val_loss: 0.0132 - val_mae: 0.0132 - lr: 0.000000
----------------------------------------------------------------------------------------------------
[2025-06-09 15:35:27] EarlyStopping counter: 14 out of 20
[2025-06-09 15:35:32] Batch 1/56 of Epoch 64/200 - loss: 0.0080 - mae: 0.0080 - lr: 0.000000
[2025-06-09 15:36:17] Batch 11/56 of Epoch 64/200 - loss: 0.0073 - mae: 0.0073 - lr: 0.000000
[2025-06-09 15:37:02] Batch 21/56 of Epoch 64/200 - loss: 0.0072 - mae: 0.0072 - lr: 0.000000
[2025-06-09 15:37:47] Batch 31/56 of Epoch 64/200 - loss: 0.0072 - mae: 0.0072 - lr: 0.000000
[2025-06-09 15:38:32] Batch 41/56 of Epoch 64/200 - loss: 0.0074 - mae: 0.0074 - lr: 0.000000
[2025-06-09 15:39:18] Batch 51/56 of Epoch 64/200 - loss: 0.0073 - mae: 0.0073 - lr: 0.000000
[2025-06-09 15:39:40] Batch 56/56 of Epoch 64/200 - loss: 0.0072 - mae: 0.0072 - lr: 0.000000
[2025-06-09 15:39:44] Epoch 64/200 - 257.39s - loss: 0.0072 - mae: 0.0072 - val_loss: 0.0132 - val_mae: 0.0132 - lr: 0.000000
----------------------------------------------------------------------------------------------------
[2025-06-09 15:39:44] EarlyStopping counter: 15 out of 20
[2025-06-09 15:39:49] Batch 1/56 of Epoch 65/200 - loss: 0.0049 - mae: 0.0049 - lr: 0.000000
[2025-06-09 15:40:34] Batch 11/56 of Epoch 65/200 - loss: 0.0071 - mae: 0.0071 - lr: 0.000000
[2025-06-09 15:41:19] Batch 21/56 of Epoch 65/200 - loss: 0.0072 - mae: 0.0072 - lr: 0.000000
[2025-06-09 15:42:04] Batch 31/56 of Epoch 65/200 - loss: 0.0072 - mae: 0.0072 - lr: 0.000000
[2025-06-09 15:42:49] Batch 41/56 of Epoch 65/200 - loss: 0.0071 - mae: 0.0071 - lr: 0.000000
[2025-06-09 15:43:34] Batch 51/56 of Epoch 65/200 - loss: 0.0072 - mae: 0.0072 - lr: 0.000000
[2025-06-09 15:43:56] Batch 56/56 of Epoch 65/200 - loss: 0.0072 - mae: 0.0072 - lr: 0.000000
[2025-06-09 15:44:00] Epoch 65/200 - 255.81s - loss: 0.0072 - mae: 0.0072 - val_loss: 0.0132 - val_mae: 0.0132 - lr: 0.000000
----------------------------------------------------------------------------------------------------
[2025-06-09 15:44:00] Reducing learning rate from 0.000000 to 0.000000
[2025-06-09 15:44:00] EarlyStopping counter: 16 out of 20
[2025-06-09 15:44:05] Batch 1/56 of Epoch 66/200 - loss: 0.0045 - mae: 0.0045 - lr: 0.000000
[2025-06-09 15:44:50] Batch 11/56 of Epoch 66/200 - loss: 0.0068 - mae: 0.0068 - lr: 0.000000
[2025-06-09 15:45:35] Batch 21/56 of Epoch 66/200 - loss: 0.0071 - mae: 0.0071 - lr: 0.000000
[2025-06-09 15:46:20] Batch 31/56 of Epoch 66/200 - loss: 0.0070 - mae: 0.0070 - lr: 0.000000
[2025-06-09 15:47:05] Batch 41/56 of Epoch 66/200 - loss: 0.0071 - mae: 0.0071 - lr: 0.000000
[2025-06-09 15:47:49] Batch 51/56 of Epoch 66/200 - loss: 0.0072 - mae: 0.0072 - lr: 0.000000
[2025-06-09 15:48:12] Batch 56/56 of Epoch 66/200 - loss: 0.0072 - mae: 0.0072 - lr: 0.000000
[2025-06-09 15:48:16] Epoch 66/200 - 255.72s - loss: 0.0072 - mae: 0.0072 - val_loss: 0.0132 - val_mae: 0.0132 - lr: 0.000000
----------------------------------------------------------------------------------------------------
[2025-06-09 15:48:16] EarlyStopping counter: 17 out of 20
[2025-06-09 15:48:21] Batch 1/56 of Epoch 67/200 - loss: 0.0074 - mae: 0.0074 - lr: 0.000000
[2025-06-09 15:49:05] Batch 11/56 of Epoch 67/200 - loss: 0.0070 - mae: 0.0070 - lr: 0.000000
[2025-06-09 15:49:50] Batch 21/56 of Epoch 67/200 - loss: 0.0068 - mae: 0.0068 - lr: 0.000000
[2025-06-09 15:50:35] Batch 31/56 of Epoch 67/200 - loss: 0.0068 - mae: 0.0068 - lr: 0.000000
[2025-06-09 15:51:20] Batch 41/56 of Epoch 67/200 - loss: 0.0070 - mae: 0.0070 - lr: 0.000000
[2025-06-09 15:52:05] Batch 51/56 of Epoch 67/200 - loss: 0.0071 - mae: 0.0071 - lr: 0.000000
[2025-06-09 15:52:28] Batch 56/56 of Epoch 67/200 - loss: 0.0072 - mae: 0.0072 - lr: 0.000000
[2025-06-09 15:52:32] Epoch 67/200 - 255.98s - loss: 0.0072 - mae: 0.0072 - val_loss: 0.0132 - val_mae: 0.0132 - lr: 0.000000
----------------------------------------------------------------------------------------------------
[2025-06-09 15:52:32] EarlyStopping counter: 18 out of 20
[2025-06-09 15:52:37] Batch 1/56 of Epoch 68/200 - loss: 0.0076 - mae: 0.0076 - lr: 0.000000
[2025-06-09 15:53:21] Batch 11/56 of Epoch 68/200 - loss: 0.0077 - mae: 0.0077 - lr: 0.000000
[2025-06-09 15:54:06] Batch 21/56 of Epoch 68/200 - loss: 0.0075 - mae: 0.0075 - lr: 0.000000
[2025-06-09 15:54:51] Batch 31/56 of Epoch 68/200 - loss: 0.0072 - mae: 0.0072 - lr: 0.000000
[2025-06-09 15:55:36] Batch 41/56 of Epoch 68/200 - loss: 0.0074 - mae: 0.0074 - lr: 0.000000
[2025-06-09 15:56:21] Batch 51/56 of Epoch 68/200 - loss: 0.0072 - mae: 0.0072 - lr: 0.000000
[2025-06-09 15:56:44] Batch 56/56 of Epoch 68/200 - loss: 0.0072 - mae: 0.0072 - lr: 0.000000
[2025-06-09 15:56:48] Epoch 68/200 - 255.72s - loss: 0.0072 - mae: 0.0072 - val_loss: 0.0132 - val_mae: 0.0132 - lr: 0.000000
----------------------------------------------------------------------------------------------------
[2025-06-09 15:56:48] EarlyStopping counter: 19 out of 20
[2025-06-09 15:56:53] Batch 1/56 of Epoch 69/200 - loss: 0.0090 - mae: 0.0090 - lr: 0.000000
[2025-06-09 15:57:37] Batch 11/56 of Epoch 69/200 - loss: 0.0079 - mae: 0.0079 - lr: 0.000000
[2025-06-09 15:58:22] Batch 21/56 of Epoch 69/200 - loss: 0.0075 - mae: 0.0075 - lr: 0.000000
[2025-06-09 15:59:07] Batch 31/56 of Epoch 69/200 - loss: 0.0074 - mae: 0.0074 - lr: 0.000000
[2025-06-09 15:59:52] Batch 41/56 of Epoch 69/200 - loss: 0.0071 - mae: 0.0071 - lr: 0.000000
[2025-06-09 16:00:37] Batch 51/56 of Epoch 69/200 - loss: 0.0071 - mae: 0.0071 - lr: 0.000000
[2025-06-09 16:00:59] Batch 56/56 of Epoch 69/200 - loss: 0.0072 - mae: 0.0072 - lr: 0.000000
[2025-06-09 16:01:03] Epoch 69/200 - 255.74s - loss: 0.0072 - mae: 0.0072 - val_loss: 0.0132 - val_mae: 0.0132 - lr: 0.000000
----------------------------------------------------------------------------------------------------
[2025-06-09 16:01:03] Reducing learning rate from 0.000000 to 0.000000
[2025-06-09 16:01:03] EarlyStopping counter: 20 out of 20
[2025-06-09 16:01:03] Early stopping triggered
[2025-06-09 16:01:03] Training completed after 69 epochs

Training completed at 2025-06-09 16:01:03
