[2025-06-09 09:51:29] Configuration saved to: '/home/promise/jhernandez/3d-notebooks/3d/9jun25/9jun25/models/Unet1/config/data_config.json'...
[2025-06-09 09:51:29] Configuration saved to: '/home/promise/jhernandez/3d-notebooks/3d/9jun25/9jun25/models/Unet1/config/model_config.json'...
[2025-06-09 09:51:29] Loading training data...
[2025-06-09 09:51:29]  ==  Loading train images set  ==
[2025-06-09 09:53:19] Configuration saved to: '/home/promise/jhernandez/3d-notebooks/3d/9jun25/9jun25/models/Unet1/config/data_config.json'...
[2025-06-09 09:53:19] Configuration saved to: '/home/promise/jhernandez/3d-notebooks/3d/9jun25/9jun25/models/Unet1/config/model_config.json'...
[2025-06-09 09:53:19] Loading training data...
[2025-06-09 09:53:19]  ==  Loading train images set  ==
[2025-06-09 09:53:19] 	- Loading 28 images from '/home/promise/NAS/MATERIA_OSCURA/PROYECTOS_INVESTIGACION/2025-Direct_AC/001-Dataset/002-PET_NAC_AC/fold1' ...
[2025-06-09 09:53:26] 	- Could only load 28 images. Detected 0 outlier(s)
[2025-06-09 09:53:27] 	- Pixels value range: [0.0, 0.22]
[2025-06-09 09:53:27] Train inputs shape: (448, 1, 8, 128, 128)
[2025-06-09 09:53:27] Train targets shape: (448, 1, 8, 128, 128)
[2025-06-09 09:53:27] Training loader generated. Batch size: 8
[2025-06-09 09:53:27] == Train set loader ==
[2025-06-09 09:53:28] Common batch shape (num_batches / batch_size, channels, depth / num_layers, height, width):
[2025-06-09 09:53:28]  - Inputs: torch.Size([8, 1, 8, 128, 128])
[2025-06-09 09:53:28]  - Targets: torch.Size([8, 1, 8, 128, 128])
[2025-06-09 09:53:28] All batches have the same size
[2025-06-09 09:53:28] Loading test data for validation...
[2025-06-09 09:53:28]  ==  Loading test images set  ==
[2025-06-09 09:53:28] 	- Loading 8 images from '/home/promise/NAS/MATERIA_OSCURA/PROYECTOS_INVESTIGACION/2025-Direct_AC/001-Dataset/002-PET_NAC_AC/fold1' ...
[2025-06-09 09:53:30] 	- Could only load 6 images. Detected 2 outlier(s)
[2025-06-09 09:53:30] 	- Pixels value range: [0.0, 0.23]
[2025-06-09 09:53:30] Splitting test set in half, the second half will be used for validation...
[2025-06-09 09:53:30] Validation inputs shape: (48, 1, 8, 128, 128)
[2025-06-09 09:53:30] Validation targets shape: (48, 1, 8, 128, 128)
[2025-06-09 09:53:30] Validation loader generated. Batch size: 8
[2025-06-09 09:53:30] == Validation set loader ==
[2025-06-09 09:53:30] Common batch shape (num_batches / batch_size, channels, depth / num_layers, height, width):
[2025-06-09 09:53:30]  - Inputs: torch.Size([8, 1, 8, 128, 128])
[2025-06-09 09:53:30]  - Targets: torch.Size([8, 1, 8, 128, 128])
[2025-06-09 09:53:30] All batches have the same size
[2025-06-09 09:55:10] Configuration saved to: '/home/promise/jhernandez/3d-notebooks/3d/9jun25/9jun25/models/Unet1/config/data_config.json'...
[2025-06-09 09:55:10] Configuration saved to: '/home/promise/jhernandez/3d-notebooks/3d/9jun25/9jun25/models/Unet1/config/model_config.json'...
[2025-06-09 09:55:10] Loading training data...
[2025-06-09 09:55:10]  ==  Loading train images set  ==
[2025-06-09 09:55:10] 	- Loading 28 images from '/home/promise/NAS/MATERIA_OSCURA/PROYECTOS_INVESTIGACION/2025-Direct_AC/001-Dataset/002-PET_NAC_AC/fold1' ...
[2025-06-09 09:55:13] 	- Could only load 28 images. Detected 0 outlier(s)
[2025-06-09 09:55:13] 	- Pixels value range: [0.0, 0.22]
[2025-06-09 09:55:13] Train inputs shape: (448, 1, 8, 128, 128)
[2025-06-09 09:55:13] Train targets shape: (448, 1, 8, 128, 128)
[2025-06-09 09:55:13] Training loader generated. Batch size: 8
[2025-06-09 09:55:13] == Train set loader ==
[2025-06-09 09:55:14] Common batch shape (num_batches / batch_size, channels, depth / num_layers, height, width):
[2025-06-09 09:55:14]  - Inputs: torch.Size([8, 1, 8, 128, 128])
[2025-06-09 09:55:14]  - Targets: torch.Size([8, 1, 8, 128, 128])
[2025-06-09 09:55:14] All batches have the same size
[2025-06-09 09:55:14] Loading test data for validation...
[2025-06-09 09:55:14]  ==  Loading test images set  ==
[2025-06-09 09:55:14] 	- Loading 8 images from '/home/promise/NAS/MATERIA_OSCURA/PROYECTOS_INVESTIGACION/2025-Direct_AC/001-Dataset/002-PET_NAC_AC/fold1' ...
[2025-06-09 09:55:15] 	- Could only load 6 images. Detected 2 outlier(s)
[2025-06-09 09:55:15] 	- Pixels value range: [0.0, 0.23]
[2025-06-09 09:55:15] Splitting test set in half, the second half will be used for validation...
[2025-06-09 09:55:15] Validation inputs shape: (48, 1, 8, 128, 128)
[2025-06-09 09:55:15] Validation targets shape: (48, 1, 8, 128, 128)
[2025-06-09 09:55:15] Validation loader generated. Batch size: 8
[2025-06-09 09:55:15] == Validation set loader ==
[2025-06-09 09:55:15] Common batch shape (num_batches / batch_size, channels, depth / num_layers, height, width):
[2025-06-09 09:55:15]  - Inputs: torch.Size([8, 1, 8, 128, 128])
[2025-06-09 09:55:15]  - Targets: torch.Size([8, 1, 8, 128, 128])
[2025-06-09 09:55:15] All batches have the same size
[2025-06-09 11:21:54] Configuration saved to: '/home/promise/jhernandez/3d-notebooks/3d/9jun25/9jun25/models/Unet1/config/data_config.json'...
[2025-06-09 11:21:54] Configuration saved to: '/home/promise/jhernandez/3d-notebooks/3d/9jun25/9jun25/models/Unet1/config/model_config.json'...
[2025-06-09 11:21:54] Loading test data...
[2025-06-09 11:21:54]  ==  Loading test images set  ==
[2025-06-09 11:21:54] 	- Loading 8 images from '/home/promise/NAS/MATERIA_OSCURA/PROYECTOS_INVESTIGACION/2025-Direct_AC/001-Dataset/002-PET_NAC_AC/fold1' ...
[2025-06-09 11:21:54] 	- Could only load 6 images. Detected 2 outlier(s)
[2025-06-09 11:21:54] 	- Pixels value range: [0.0, 0.23]
[2025-06-09 11:21:54] Using first half of test set for testing...
[2025-06-09 11:21:54] Test inputs shape: (48, 1, 8, 128, 128)
[2025-06-09 11:21:54] Test targets shape: (48, 1, 8, 128, 128)
[2025-06-09 11:21:55] Test loader generated. Batch size: 8
[2025-06-09 11:21:55] == Test set loader ==
[2025-06-09 12:13:14] Configuration saved to: '/home/promise/jhernandez/3d-notebooks/3d/9jun25/9jun25/models/Unet1/config/data_config.json'...
[2025-06-09 12:13:14] Configuration saved to: '/home/promise/jhernandez/3d-notebooks/3d/9jun25/9jun25/models/Unet1/config/model_config.json'...
[2025-06-09 12:13:14] Loading test data...
[2025-06-09 12:13:14]  ==  Loading test images set  ==
[2025-06-09 12:13:14] 	- Loading 8 images from '/home/promise/NAS/MATERIA_OSCURA/PROYECTOS_INVESTIGACION/2025-Direct_AC/001-Dataset/002-PET_NAC_AC/fold1' ...
[2025-06-09 12:13:14] 	- Could only load 6 images. Detected 2 outlier(s)
[2025-06-09 12:13:14] 	- Pixels value range: [0.0, 0.23]
[2025-06-09 12:13:14] Using first half of test set for testing...
[2025-06-09 12:13:14] Test inputs shape: (48, 1, 8, 128, 128)
[2025-06-09 12:13:14] Test targets shape: (48, 1, 8, 128, 128)
[2025-06-09 12:13:15] Test loader generated. Batch size: 8
[2025-06-09 12:13:15] == Test set loader ==
[2025-06-09 12:13:15] Common batch shape (num_batches / batch_size, channels, depth / num_layers, height, width):
[2025-06-09 12:13:15]  - Inputs: torch.Size([8, 1, 8, 128, 128])
[2025-06-09 12:13:15]  - Targets: torch.Size([8, 1, 8, 128, 128])
[2025-06-09 12:13:15] All batches have the same size
[2025-06-09 12:15:17] Configuration saved to: '/home/promise/jhernandez/3d-notebooks/3d/9jun25/9jun25/models/Unet1/config/data_config.json'...
[2025-06-09 12:15:17] Configuration saved to: '/home/promise/jhernandez/3d-notebooks/3d/9jun25/9jun25/models/Unet1/config/model_config.json'...
[2025-06-09 12:15:17] Loading test data...
[2025-06-09 12:15:17]  ==  Loading test images set  ==
[2025-06-09 12:15:18] 	- Loading 8 images from '/home/promise/NAS/MATERIA_OSCURA/PROYECTOS_INVESTIGACION/2025-Direct_AC/001-Dataset/002-PET_NAC_AC/fold1' ...
[2025-06-09 12:15:18] 	- Could only load 6 images. Detected 2 outlier(s)
[2025-06-09 12:15:18] 	- Pixels value range: [0.0, 0.23]
[2025-06-09 12:15:18] Using first half of test set for testing...
[2025-06-09 12:15:18] Test inputs shape: (18, 1, 8, 128, 128)
[2025-06-09 12:15:18] Test targets shape: (18, 1, 8, 128, 128)
[2025-06-09 12:15:18] Test loader generated. Batch size: 8
[2025-06-09 12:15:18] == Test set loader ==
[2025-06-09 12:15:18] Batch 3 size 2 != expected size 8
[2025-06-09 12:15:18] Common batch shape (num_batches / batch_size, channels, depth / num_layers, height, width):
[2025-06-09 12:15:18]  - Inputs: torch.Size([8, 1, 8, 128, 128])
[2025-06-09 12:15:18]  - Targets: torch.Size([8, 1, 8, 128, 128])
[2025-06-09 12:15:58] Configuration saved to: '/home/promise/jhernandez/3d-notebooks/3d/9jun25/9jun25/models/Unet1/config/data_config.json'...
[2025-06-09 12:15:58] Configuration saved to: '/home/promise/jhernandez/3d-notebooks/3d/9jun25/9jun25/models/Unet1/config/model_config.json'...
[2025-06-09 12:15:58] Loading test data...
[2025-06-09 12:15:58]  ==  Loading test images set  ==
[2025-06-09 12:15:58] 	- Loading 8 images from '/home/promise/NAS/MATERIA_OSCURA/PROYECTOS_INVESTIGACION/2025-Direct_AC/001-Dataset/002-PET_NAC_AC/fold1' ...
[2025-06-09 12:15:58] 	- Could only load 6 images. Detected 2 outlier(s)
[2025-06-09 12:15:58] 	- Pixels value range: [0.0, 0.23]
[2025-06-09 12:15:58] Using first half of test set for testing...
[2025-06-09 12:15:58] Test inputs shape: (9, 1, 8, 128, 128)
[2025-06-09 12:15:58] Test targets shape: (9, 1, 8, 128, 128)
[2025-06-09 12:15:58] Test loader generated. Batch size: 8
[2025-06-09 12:15:58] == Test set loader ==
[2025-06-09 12:15:58] Batch 2 size 1 != expected size 8
[2025-06-09 12:15:58] Common batch shape (num_batches / batch_size, channels, depth / num_layers, height, width):
[2025-06-09 12:15:58]  - Inputs: torch.Size([8, 1, 8, 128, 128])
[2025-06-09 12:15:58]  - Targets: torch.Size([8, 1, 8, 128, 128])
[2025-06-09 12:16:40] Configuration saved to: '/home/promise/jhernandez/3d-notebooks/3d/9jun25/9jun25/models/Unet1/config/data_config.json'...
[2025-06-09 12:16:40] Configuration saved to: '/home/promise/jhernandez/3d-notebooks/3d/9jun25/9jun25/models/Unet1/config/model_config.json'...
[2025-06-09 12:16:40] Loading test data...
[2025-06-09 12:16:40]  ==  Loading test images set  ==
[2025-06-09 12:16:40] 	- Loading 8 images from '/home/promise/NAS/MATERIA_OSCURA/PROYECTOS_INVESTIGACION/2025-Direct_AC/001-Dataset/002-PET_NAC_AC/fold1' ...
[2025-06-09 12:16:40] 	- Could only load 6 images. Detected 2 outlier(s)
[2025-06-09 12:16:40] 	- Pixels value range: [0.0, 0.23]
[2025-06-09 12:16:40] Using first half of test set for testing...
[2025-06-09 12:16:40] Test inputs shape: (12, 1, 8, 128, 128)
[2025-06-09 12:16:40] Test targets shape: (12, 1, 8, 128, 128)
[2025-06-09 12:16:40] Test loader generated. Batch size: 8
[2025-06-09 12:16:40] == Test set loader ==
[2025-06-09 12:16:41] Batch 2 size 4 != expected size 8
[2025-06-09 12:16:41] Common batch shape (num_batches / batch_size, channels, depth / num_layers, height, width):
[2025-06-09 12:16:41]  - Inputs: torch.Size([8, 1, 8, 128, 128])
[2025-06-09 12:16:41]  - Targets: torch.Size([8, 1, 8, 128, 128])
[2025-06-09 12:18:07] Configuration saved to: '/home/promise/jhernandez/3d-notebooks/3d/9jun25/9jun25/models/Unet1/config/data_config.json'...
[2025-06-09 12:18:07] Configuration saved to: '/home/promise/jhernandez/3d-notebooks/3d/9jun25/9jun25/models/Unet1/config/model_config.json'...
[2025-06-09 12:18:07] Loading test data...
[2025-06-09 12:18:07]  ==  Loading test images set  ==
[2025-06-09 12:18:07] 	- Loading 8 images from '/home/promise/NAS/MATERIA_OSCURA/PROYECTOS_INVESTIGACION/2025-Direct_AC/001-Dataset/002-PET_NAC_AC/fold1' ...
[2025-06-09 12:18:08] 	- Could only load 6 images. Detected 2 outlier(s)
[2025-06-09 12:18:08] 	- Pixels value range: [0.0, 0.23]
[2025-06-09 12:18:08] Using first half of test set for testing...
[2025-06-09 12:18:08] Test inputs shape: (12, 1, 8, 128, 128)
[2025-06-09 12:18:08] Test targets shape: (12, 1, 8, 128, 128)
[2025-06-09 12:18:08] Test loader generated. Batch size: 8
[2025-06-09 12:18:08] == Test set loader ==
[2025-06-09 12:18:08] Batch 2 size 4 != expected size 8
[2025-06-09 12:18:08] Common batch shape (num_batches / batch_size, channels, depth / num_layers, height, width):
[2025-06-09 12:18:08]  - Inputs: torch.Size([8, 1, 8, 128, 128])
[2025-06-09 12:18:08]  - Targets: torch.Size([8, 1, 8, 128, 128])
[2025-06-09 12:23:44] Configuration saved to: '/home/promise/jhernandez/3d-notebooks/3d/9jun25/9jun25/models/Unet1/config/data_config.json'...
[2025-06-09 12:23:44] Configuration saved to: '/home/promise/jhernandez/3d-notebooks/3d/9jun25/9jun25/models/Unet1/config/model_config.json'...
[2025-06-09 12:23:44] Loading test data...
[2025-06-09 12:23:44]  ==  Loading test images set  ==
[2025-06-09 12:23:44] 	- Loading 8 images from '/home/promise/NAS/MATERIA_OSCURA/PROYECTOS_INVESTIGACION/2025-Direct_AC/001-Dataset/002-PET_NAC_AC/fold1' ...
[2025-06-09 12:23:45] 	- Could only load 6 images. Detected 2 outlier(s)
[2025-06-09 12:23:45] 	- Pixels value range: [0.0, 0.23]
[2025-06-09 12:23:45] Using first half of test set for testing...
[2025-06-09 12:23:45] Test inputs shape: (12, 1, 8, 128, 128)
[2025-06-09 12:23:45] Test targets shape: (12, 1, 8, 128, 128)
[2025-06-09 12:23:45] Test loader generated. Batch size: 8
[2025-06-09 12:23:45] == Test set loader ==
[2025-06-09 12:23:45] Batch 2 size 4 != expected size 8
[2025-06-09 12:23:45] Common batch shape (num_batches / batch_size, channels, depth / num_layers, height, width):
[2025-06-09 12:23:45]  - Inputs: torch.Size([8, 1, 8, 128, 128])
[2025-06-09 12:23:45]  - Targets: torch.Size([8, 1, 8, 128, 128])
[2025-06-09 15:17:27] Configuration saved to: '/home/promise/jhernandez/3d-notebooks/3d/9jun25/9jun25/models/Unet1/config/data_config.json'...
[2025-06-09 15:17:27] Configuration saved to: '/home/promise/jhernandez/3d-notebooks/3d/9jun25/9jun25/models/Unet1/config/model_config.json'...
[2025-06-09 15:17:27] Loading test data...
[2025-06-09 15:17:27]  ==  Loading test images set  ==
[2025-06-09 15:17:27] 	- Loading 8 images from '/home/promise/NAS/MATERIA_OSCURA/PROYECTOS_INVESTIGACION/2025-Direct_AC/001-Dataset/002-PET_NAC_AC/fold1' ...
[2025-06-09 15:17:29] 	- Could only load 6 images. Detected 2 outlier(s)
[2025-06-09 15:17:29] 	- Pixels value range: [0.0, 0.23]
[2025-06-09 15:17:29] Using first half of test set for testing...
[2025-06-09 15:17:29] Test inputs shape: (12, 1, 8, 128, 128)
[2025-06-09 15:17:29] Test targets shape: (12, 1, 8, 128, 128)
[2025-06-09 15:17:29] Test loader generated. Batch size: 8
[2025-06-09 15:17:29] == Test set loader ==
[2025-06-09 15:17:29] Batch 2 size 4 != expected size 8
[2025-06-09 15:17:29] Common batch shape (num_batches / batch_size, channels, depth / num_layers, height, width):
[2025-06-09 15:17:29]  - Inputs: torch.Size([8, 1, 8, 128, 128])
[2025-06-09 15:17:29]  - Targets: torch.Size([8, 1, 8, 128, 128])
[2025-06-18 11:18:57] Configuration saved to: '/home/promise/jhernandez/3d-notebooks/3d/9jun25/9jun25/models/Unet1/config/data_config.json'...
[2025-06-18 11:18:57] Configuration saved to: '/home/promise/jhernandez/3d-notebooks/3d/9jun25/9jun25/models/Unet1/config/model_config.json'...
[2025-06-18 11:18:57] Loading training data...
[2025-06-18 11:18:57]  ==  Loading train images set  ==
[2025-06-18 11:18:57] 	- Loading 28 images from '/home/promise/NAS/MATERIA_OSCURA/PROYECTOS_INVESTIGACION/2025-Direct_AC/001-Dataset/002-PET_NAC_AC/fold1' ...
[2025-06-18 11:20:13] Configuration saved to: '/home/promise/jhernandez/3d-notebooks/3d/9jun25/9jun25/models/Unet1/config/data_config.json'...
[2025-06-18 11:20:13] Configuration saved to: '/home/promise/jhernandez/3d-notebooks/3d/9jun25/9jun25/models/Unet1/config/model_config.json'...
[2025-06-18 11:20:13] Loading test data...
[2025-06-18 11:20:13]  ==  Loading test images set  ==
[2025-06-18 11:20:14] 	- Loading 8 images from '/home/promise/NAS/MATERIA_OSCURA/PROYECTOS_INVESTIGACION/2025-Direct_AC/001-Dataset/002-PET_NAC_AC/fold1' ...
[2025-06-18 11:20:15] 	- Could only load 6 images. Detected 2 outlier(s)
[2025-06-18 11:20:15] 	- Pixels value range: [0.0, 0.23]
[2025-06-18 11:20:15] Using first half of test set for testing...
[2025-06-18 11:20:15] Test inputs shape: (12, 1, 8, 128, 128)
[2025-06-18 11:20:15] Test targets shape: (12, 1, 8, 128, 128)
[2025-06-18 11:20:15] Test loader generated. Batch size: 8
[2025-06-18 11:20:15] == Test set loader ==
[2025-06-18 11:20:15] Batch 2 size 4 != expected size 8
[2025-06-18 11:20:15] Common batch shape (num_batches / batch_size, channels, depth / num_layers, height, width):
[2025-06-18 11:20:15]  - Inputs: torch.Size([8, 1, 8, 128, 128])
[2025-06-18 11:20:15]  - Targets: torch.Size([8, 1, 8, 128, 128])
