[2025-06-09 09:53:30] Configuration saved to: '/home/promise/jhernandez/3d-notebooks/3d/9jun25/9jun25/models/Unet1/config/model_config.json'...
[2025-06-09 09:53:30] Using 4 blocks based on input dimensions (128, 128) and the desired feature map dimensions (8x8)

[2025-06-09 09:53:31] ==========================================================================================
Layer (type:depth-idx)                   Output Shape              Param #
==========================================================================================
UNet3D                                   [8, 1, 8, 128, 128]       --
├─ModuleList: 1-7                        --                        (recursive)
│    └─0.0.weight                                                  ├─1,728
│    └─0.1.weight                                                  ├─64
│    └─0.1.bias                                                    ├─64
│    └─0.4.weight                                                  ├─110,592
│    └─0.5.weight                                                  ├─64
│    └─0.5.bias                                                    ├─64
│    └─1.0.weight                                                  ├─221,184
│    └─1.1.weight                                                  ├─128
│    └─1.1.bias                                                    ├─128
│    └─1.4.weight                                                  ├─442,368
│    └─1.5.weight                                                  ├─128
│    └─1.5.bias                                                    ├─128
│    └─2.0.weight                                                  ├─884,736
│    └─2.1.weight                                                  ├─256
│    └─2.1.bias                                                    ├─256
│    └─2.4.weight                                                  ├─1,769,472
│    └─2.5.weight                                                  ├─256
│    └─2.5.bias                                                    ├─256
│    └─3.0.weight                                                  ├─3,538,944
│    └─3.1.weight                                                  ├─512
│    └─3.1.bias                                                    ├─512
│    └─3.4.weight                                                  ├─7,077,888
│    └─3.5.weight                                                  ├─512
│    └─3.5.bias                                                    └─512
│    └─Sequential: 2-1                   [8, 64, 8, 128, 128]      --
│    │    └─0.weight                                               ├─1,728
│    │    └─1.weight                                               ├─64
│    │    └─1.bias                                                 ├─64
│    │    └─4.weight                                               ├─110,592
│    │    └─5.weight                                               ├─64
│    │    └─5.bias                                                 └─64
│    │    └─Conv3d: 3-1                  [8, 64, 8, 128, 128]      1,728
│    │    │    └─weight                                            └─1,728
│    │    └─BatchNorm3d: 3-2             [8, 64, 8, 128, 128]      128
│    │    │    └─weight                                            ├─64
│    │    │    └─bias                                              └─64
│    │    └─Dropout3d: 3-3               [8, 64, 8, 128, 128]      --
│    │    └─ReLU: 3-4                    [8, 64, 8, 128, 128]      --
│    │    └─Conv3d: 3-5                  [8, 64, 8, 128, 128]      110,592
│    │    │    └─weight                                            └─110,592
│    │    └─BatchNorm3d: 3-6             [8, 64, 8, 128, 128]      128
│    │    │    └─weight                                            ├─64
│    │    │    └─bias                                              └─64
│    │    └─ReLU: 3-7                    [8, 64, 8, 128, 128]      --
├─ModuleList: 1-8                        --                        --
│    └─MaxPool3d: 2-2                    [8, 64, 8, 64, 64]        --
├─ModuleList: 1-7                        --                        (recursive)
│    └─0.0.weight                                                  ├─1,728
│    └─0.1.weight                                                  ├─64
│    └─0.1.bias                                                    ├─64
│    └─0.4.weight                                                  ├─110,592
│    └─0.5.weight                                                  ├─64
│    └─0.5.bias                                                    ├─64
│    └─1.0.weight                                                  ├─221,184
│    └─1.1.weight                                                  ├─128
│    └─1.1.bias                                                    ├─128
│    └─1.4.weight                                                  ├─442,368
│    └─1.5.weight                                                  ├─128
│    └─1.5.bias                                                    ├─128
│    └─2.0.weight                                                  ├─884,736
│    └─2.1.weight                                                  ├─256
│    └─2.1.bias                                                    ├─256
│    └─2.4.weight                                                  ├─1,769,472
│    └─2.5.weight                                                  ├─256
│    └─2.5.bias                                                    ├─256
│    └─3.0.weight                                                  ├─3,538,944
│    └─3.1.weight                                                  ├─512
│    └─3.1.bias                                                    ├─512
│    └─3.4.weight                                                  ├─7,077,888
│    └─3.5.weight                                                  ├─512
│    └─3.5.bias                                                    └─512
│    └─Sequential: 2-3                   [8, 128, 8, 64, 64]       --
│    │    └─0.weight                                               ├─221,184
│    │    └─1.weight                                               ├─128
│    │    └─1.bias                                                 ├─128
│    │    └─4.weight                                               ├─442,368
│    │    └─5.weight                                               ├─128
│    │    └─5.bias                                                 └─128
│    │    └─Conv3d: 3-8                  [8, 128, 8, 64, 64]       221,184
│    │    │    └─weight                                            └─221,184
│    │    └─BatchNorm3d: 3-9             [8, 128, 8, 64, 64]       256
│    │    │    └─weight                                            ├─128
│    │    │    └─bias                                              └─128
│    │    └─Dropout3d: 3-10              [8, 128, 8, 64, 64]       --
│    │    └─ReLU: 3-11                   [8, 128, 8, 64, 64]       --
│    │    └─Conv3d: 3-12                 [8, 128, 8, 64, 64]       442,368
│    │    │    └─weight                                            └─442,368
│    │    └─BatchNorm3d: 3-13            [8, 128, 8, 64, 64]       256
│    │    │    └─weight                                            ├─128
│    │    │    └─bias                                              └─128
│    │    └─ReLU: 3-14                   [8, 128, 8, 64, 64]       --
├─ModuleList: 1-8                        --                        --
│    └─MaxPool3d: 2-4                    [8, 128, 8, 32, 32]       --
├─ModuleList: 1-7                        --                        (recursive)
│    └─0.0.weight                                                  ├─1,728
│    └─0.1.weight                                                  ├─64
│    └─0.1.bias                                                    ├─64
│    └─0.4.weight                                                  ├─110,592
│    └─0.5.weight                                                  ├─64
│    └─0.5.bias                                                    ├─64
│    └─1.0.weight                                                  ├─221,184
│    └─1.1.weight                                                  ├─128
│    └─1.1.bias                                                    ├─128
│    └─1.4.weight                                                  ├─442,368
│    └─1.5.weight                                                  ├─128
│    └─1.5.bias                                                    ├─128
│    └─2.0.weight                                                  ├─884,736
│    └─2.1.weight                                                  ├─256
│    └─2.1.bias                                                    ├─256
│    └─2.4.weight                                                  ├─1,769,472
│    └─2.5.weight                                                  ├─256
│    └─2.5.bias                                                    ├─256
│    └─3.0.weight                                                  ├─3,538,944
│    └─3.1.weight                                                  ├─512
│    └─3.1.bias                                                    ├─512
│    └─3.4.weight                                                  ├─7,077,888
│    └─3.5.weight                                                  ├─512
│    └─3.5.bias                                                    └─512
│    └─Sequential: 2-5                   [8, 256, 8, 32, 32]       --
│    │    └─0.weight                                               ├─884,736
│    │    └─1.weight                                               ├─256
│    │    └─1.bias                                                 ├─256
│    │    └─4.weight                                               ├─1,769,472
│    │    └─5.weight                                               ├─256
│    │    └─5.bias                                                 └─256
│    │    └─Conv3d: 3-15                 [8, 256, 8, 32, 32]       884,736
│    │    │    └─weight                                            └─884,736
│    │    └─BatchNorm3d: 3-16            [8, 256, 8, 32, 32]       512
│    │    │    └─weight                                            ├─256
│    │    │    └─bias                                              └─256
│    │    └─Dropout3d: 3-17              [8, 256, 8, 32, 32]       --
│    │    └─ReLU: 3-18                   [8, 256, 8, 32, 32]       --
│    │    └─Conv3d: 3-19                 [8, 256, 8, 32, 32]       1,769,472
│    │    │    └─weight                                            └─1,769,472
│    │    └─BatchNorm3d: 3-20            [8, 256, 8, 32, 32]       512
│    │    │    └─weight                                            ├─256
│    │    │    └─bias                                              └─256
│    │    └─ReLU: 3-21                   [8, 256, 8, 32, 32]       --
├─ModuleList: 1-8                        --                        --
│    └─MaxPool3d: 2-6                    [8, 256, 8, 16, 16]       --
├─ModuleList: 1-7                        --                        (recursive)
│    └─0.0.weight                                                  ├─1,728
│    └─0.1.weight                                                  ├─64
│    └─0.1.bias                                                    ├─64
│    └─0.4.weight                                                  ├─110,592
│    └─0.5.weight                                                  ├─64
│    └─0.5.bias                                                    ├─64
│    └─1.0.weight                                                  ├─221,184
│    └─1.1.weight                                                  ├─128
│    └─1.1.bias                                                    ├─128
│    └─1.4.weight                                                  ├─442,368
│    └─1.5.weight                                                  ├─128
│    └─1.5.bias                                                    ├─128
│    └─2.0.weight                                                  ├─884,736
│    └─2.1.weight                                                  ├─256
│    └─2.1.bias                                                    ├─256
│    └─2.4.weight                                                  ├─1,769,472
│    └─2.5.weight                                                  ├─256
│    └─2.5.bias                                                    ├─256
│    └─3.0.weight                                                  ├─3,538,944
│    └─3.1.weight                                                  ├─512
│    └─3.1.bias                                                    ├─512
│    └─3.4.weight                                                  ├─7,077,888
│    └─3.5.weight                                                  ├─512
│    └─3.5.bias                                                    └─512
│    └─Sequential: 2-7                   [8, 512, 8, 16, 16]       --
│    │    └─0.weight                                               ├─3,538,944
│    │    └─1.weight                                               ├─512
│    │    └─1.bias                                                 ├─512
│    │    └─4.weight                                               ├─7,077,888
│    │    └─5.weight                                               ├─512
│    │    └─5.bias                                                 └─512
│    │    └─Conv3d: 3-22                 [8, 512, 8, 16, 16]       3,538,944
│    │    │    └─weight                                            └─3,538,944
│    │    └─BatchNorm3d: 3-23            [8, 512, 8, 16, 16]       1,024
│    │    │    └─weight                                            ├─512
│    │    │    └─bias                                              └─512
│    │    └─Dropout3d: 3-24              [8, 512, 8, 16, 16]       --
│    │    └─ReLU: 3-25                   [8, 512, 8, 16, 16]       --
│    │    └─Conv3d: 3-26                 [8, 512, 8, 16, 16]       7,077,888
│    │    │    └─weight                                            └─7,077,888
│    │    └─BatchNorm3d: 3-27            [8, 512, 8, 16, 16]       1,024
│    │    │    └─weight                                            ├─512
│    │    │    └─bias                                              └─512
│    │    └─ReLU: 3-28                   [8, 512, 8, 16, 16]       --
├─ModuleList: 1-8                        --                        --
│    └─MaxPool3d: 2-8                    [8, 512, 8, 8, 8]         --
├─Sequential: 1-9                        [8, 1024, 8, 8, 8]        --
│    └─0.weight                                                    ├─14,155,776
│    └─1.weight                                                    ├─1,024
│    └─1.bias                                                      ├─1,024
│    └─4.weight                                                    ├─28,311,552
│    └─5.weight                                                    ├─1,024
│    └─5.bias                                                      └─1,024
│    └─Conv3d: 2-9                       [8, 1024, 8, 8, 8]        14,155,776
│    │    └─weight                                                 └─14,155,776
│    └─BatchNorm3d: 2-10                 [8, 1024, 8, 8, 8]        2,048
│    │    └─weight                                                 ├─1,024
│    │    └─bias                                                   └─1,024
│    └─Dropout3d: 2-11                   [8, 1024, 8, 8, 8]        --
│    └─ReLU: 2-12                        [8, 1024, 8, 8, 8]        --
│    └─Conv3d: 2-13                      [8, 1024, 8, 8, 8]        28,311,552
│    │    └─weight                                                 └─28,311,552
│    └─BatchNorm3d: 2-14                 [8, 1024, 8, 8, 8]        2,048
│    │    └─weight                                                 ├─1,024
│    │    └─bias                                                   └─1,024
│    └─ReLU: 2-15                        [8, 1024, 8, 8, 8]        --
├─ModuleList: 1-16                       --                        (recursive)
│    └─0.0.weight                                                  ├─2,097,152
│    └─0.0.bias                                                    ├─512
│    └─1.0.weight                                                  ├─524,288
│    └─1.0.bias                                                    ├─256
│    └─2.0.weight                                                  ├─131,072
│    └─2.0.bias                                                    ├─128
│    └─3.0.weight                                                  ├─32,768
│    └─3.0.bias                                                    └─64
│    └─Sequential: 2-16                  [8, 512, 8, 16, 16]       --
│    │    └─0.weight                                               ├─2,097,152
│    │    └─0.bias                                                 └─512
│    │    └─ConvTranspose3d: 3-29        [8, 512, 8, 16, 16]       2,097,664
│    │    │    └─weight                                            ├─2,097,152
│    │    │    └─bias                                              └─512
├─ModuleList: 1-17                       --                        (recursive)
│    └─0.0.weight                                                  ├─14,155,776
│    └─0.1.weight                                                  ├─512
│    └─0.1.bias                                                    ├─512
│    └─0.4.weight                                                  ├─7,077,888
│    └─0.5.weight                                                  ├─512
│    └─0.5.bias                                                    ├─512
│    └─1.0.weight                                                  ├─3,538,944
│    └─1.1.weight                                                  ├─256
│    └─1.1.bias                                                    ├─256
│    └─1.4.weight                                                  ├─1,769,472
│    └─1.5.weight                                                  ├─256
│    └─1.5.bias                                                    ├─256
│    └─2.0.weight                                                  ├─884,736
│    └─2.1.weight                                                  ├─128
│    └─2.1.bias                                                    ├─128
│    └─2.4.weight                                                  ├─442,368
│    └─2.5.weight                                                  ├─128
│    └─2.5.bias                                                    ├─128
│    └─3.0.weight                                                  ├─221,184
│    └─3.1.weight                                                  ├─64
│    └─3.1.bias                                                    ├─64
│    └─3.4.weight                                                  ├─110,592
│    └─3.5.weight                                                  ├─64
│    └─3.5.bias                                                    └─64
│    └─Sequential: 2-17                  [8, 512, 8, 16, 16]       --
│    │    └─0.weight                                               ├─14,155,776
│    │    └─1.weight                                               ├─512
│    │    └─1.bias                                                 ├─512
│    │    └─4.weight                                               ├─7,077,888
│    │    └─5.weight                                               ├─512
│    │    └─5.bias                                                 └─512
│    │    └─Conv3d: 3-30                 [8, 512, 8, 16, 16]       14,155,776
│    │    │    └─weight                                            └─14,155,776
│    │    └─BatchNorm3d: 3-31            [8, 512, 8, 16, 16]       1,024
│    │    │    └─weight                                            ├─512
│    │    │    └─bias                                              └─512
│    │    └─Dropout3d: 3-32              [8, 512, 8, 16, 16]       --
│    │    └─ReLU: 3-33                   [8, 512, 8, 16, 16]       --
│    │    └─Conv3d: 3-34                 [8, 512, 8, 16, 16]       7,077,888
│    │    │    └─weight                                            └─7,077,888
│    │    └─BatchNorm3d: 3-35            [8, 512, 8, 16, 16]       1,024
│    │    │    └─weight                                            ├─512
│    │    │    └─bias                                              └─512
│    │    └─ReLU: 3-36                   [8, 512, 8, 16, 16]       --
├─ModuleList: 1-16                       --                        (recursive)
│    └─0.0.weight                                                  ├─2,097,152
│    └─0.0.bias                                                    ├─512
│    └─1.0.weight                                                  ├─524,288
│    └─1.0.bias                                                    ├─256
│    └─2.0.weight                                                  ├─131,072
│    └─2.0.bias                                                    ├─128
│    └─3.0.weight                                                  ├─32,768
│    └─3.0.bias                                                    └─64
│    └─Sequential: 2-18                  [8, 256, 8, 32, 32]       --
│    │    └─0.weight                                               ├─524,288
│    │    └─0.bias                                                 └─256
│    │    └─ConvTranspose3d: 3-37        [8, 256, 8, 32, 32]       524,544
│    │    │    └─weight                                            ├─524,288
│    │    │    └─bias                                              └─256
├─ModuleList: 1-17                       --                        (recursive)
│    └─0.0.weight                                                  ├─14,155,776
│    └─0.1.weight                                                  ├─512
│    └─0.1.bias                                                    ├─512
│    └─0.4.weight                                                  ├─7,077,888
│    └─0.5.weight                                                  ├─512
│    └─0.5.bias                                                    ├─512
│    └─1.0.weight                                                  ├─3,538,944
│    └─1.1.weight                                                  ├─256
│    └─1.1.bias                                                    ├─256
│    └─1.4.weight                                                  ├─1,769,472
│    └─1.5.weight                                                  ├─256
│    └─1.5.bias                                                    ├─256
│    └─2.0.weight                                                  ├─884,736
│    └─2.1.weight                                                  ├─128
│    └─2.1.bias                                                    ├─128
│    └─2.4.weight                                                  ├─442,368
│    └─2.5.weight                                                  ├─128
│    └─2.5.bias                                                    ├─128
│    └─3.0.weight                                                  ├─221,184
│    └─3.1.weight                                                  ├─64
│    └─3.1.bias                                                    ├─64
│    └─3.4.weight                                                  ├─110,592
│    └─3.5.weight                                                  ├─64
│    └─3.5.bias                                                    └─64
│    └─Sequential: 2-19                  [8, 256, 8, 32, 32]       --
│    │    └─0.weight                                               ├─3,538,944
│    │    └─1.weight                                               ├─256
│    │    └─1.bias                                                 ├─256
│    │    └─4.weight                                               ├─1,769,472
│    │    └─5.weight                                               ├─256
│    │    └─5.bias                                                 └─256
│    │    └─Conv3d: 3-38                 [8, 256, 8, 32, 32]       3,538,944
│    │    │    └─weight                                            └─3,538,944
│    │    └─BatchNorm3d: 3-39            [8, 256, 8, 32, 32]       512
│    │    │    └─weight                                            ├─256
│    │    │    └─bias                                              └─256
│    │    └─Dropout3d: 3-40              [8, 256, 8, 32, 32]       --
│    │    └─ReLU: 3-41                   [8, 256, 8, 32, 32]       --
│    │    └─Conv3d: 3-42                 [8, 256, 8, 32, 32]       1,769,472
│    │    │    └─weight                                            └─1,769,472
│    │    └─BatchNorm3d: 3-43            [8, 256, 8, 32, 32]       512
│    │    │    └─weight                                            ├─256
│    │    │    └─bias                                              └─256
│    │    └─ReLU: 3-44                   [8, 256, 8, 32, 32]       --
├─ModuleList: 1-16                       --                        (recursive)
│    └─0.0.weight                                                  ├─2,097,152
│    └─0.0.bias                                                    ├─512
│    └─1.0.weight                                                  ├─524,288
│    └─1.0.bias                                                    ├─256
│    └─2.0.weight                                                  ├─131,072
│    └─2.0.bias                                                    ├─128
│    └─3.0.weight                                                  ├─32,768
│    └─3.0.bias                                                    └─64
│    └─Sequential: 2-20                  [8, 128, 8, 64, 64]       --
│    │    └─0.weight                                               ├─131,072
│    │    └─0.bias                                                 └─128
│    │    └─ConvTranspose3d: 3-45        [8, 128, 8, 64, 64]       131,200
│    │    │    └─weight                                            ├─131,072
│    │    │    └─bias                                              └─128
├─ModuleList: 1-17                       --                        (recursive)
│    └─0.0.weight                                                  ├─14,155,776
│    └─0.1.weight                                                  ├─512
│    └─0.1.bias                                                    ├─512
│    └─0.4.weight                                                  ├─7,077,888
│    └─0.5.weight                                                  ├─512
│    └─0.5.bias                                                    ├─512
│    └─1.0.weight                                                  ├─3,538,944
│    └─1.1.weight                                                  ├─256
│    └─1.1.bias                                                    ├─256
│    └─1.4.weight                                                  ├─1,769,472
│    └─1.5.weight                                                  ├─256
│    └─1.5.bias                                                    ├─256
│    └─2.0.weight                                                  ├─884,736
│    └─2.1.weight                                                  ├─128
│    └─2.1.bias                                                    ├─128
│    └─2.4.weight                                                  ├─442,368
│    └─2.5.weight                                                  ├─128
│    └─2.5.bias                                                    ├─128
│    └─3.0.weight                                                  ├─221,184
│    └─3.1.weight                                                  ├─64
│    └─3.1.bias                                                    ├─64
│    └─3.4.weight                                                  ├─110,592
│    └─3.5.weight                                                  ├─64
│    └─3.5.bias                                                    └─64
│    └─Sequential: 2-21                  [8, 128, 8, 64, 64]       --
│    │    └─0.weight                                               ├─884,736
│    │    └─1.weight                                               ├─128
│    │    └─1.bias                                                 ├─128
│    │    └─4.weight                                               ├─442,368
│    │    └─5.weight                                               ├─128
│    │    └─5.bias                                                 └─128
│    │    └─Conv3d: 3-46                 [8, 128, 8, 64, 64]       884,736
│    │    │    └─weight                                            └─884,736
│    │    └─BatchNorm3d: 3-47            [8, 128, 8, 64, 64]       256
│    │    │    └─weight                                            ├─128
│    │    │    └─bias                                              └─128
│    │    └─Dropout3d: 3-48              [8, 128, 8, 64, 64]       --
│    │    └─ReLU: 3-49                   [8, 128, 8, 64, 64]       --
│    │    └─Conv3d: 3-50                 [8, 128, 8, 64, 64]       442,368
│    │    │    └─weight                                            └─442,368
│    │    └─BatchNorm3d: 3-51            [8, 128, 8, 64, 64]       256
│    │    │    └─weight                                            ├─128
│    │    │    └─bias                                              └─128
│    │    └─ReLU: 3-52                   [8, 128, 8, 64, 64]       --
├─ModuleList: 1-16                       --                        (recursive)
│    └─0.0.weight                                                  ├─2,097,152
│    └─0.0.bias                                                    ├─512
│    └─1.0.weight                                                  ├─524,288
│    └─1.0.bias                                                    ├─256
│    └─2.0.weight                                                  ├─131,072
│    └─2.0.bias                                                    ├─128
│    └─3.0.weight                                                  ├─32,768
│    └─3.0.bias                                                    └─64
│    └─Sequential: 2-22                  [8, 64, 8, 128, 128]      --
│    │    └─0.weight                                               ├─32,768
│    │    └─0.bias                                                 └─64
│    │    └─ConvTranspose3d: 3-53        [8, 64, 8, 128, 128]      32,832
│    │    │    └─weight                                            ├─32,768
│    │    │    └─bias                                              └─64
├─ModuleList: 1-17                       --                        (recursive)
│    └─0.0.weight                                                  ├─14,155,776
│    └─0.1.weight                                                  ├─512
│    └─0.1.bias                                                    ├─512
│    └─0.4.weight                                                  ├─7,077,888
│    └─0.5.weight                                                  ├─512
│    └─0.5.bias                                                    ├─512
│    └─1.0.weight                                                  ├─3,538,944
│    └─1.1.weight                                                  ├─256
│    └─1.1.bias                                                    ├─256
│    └─1.4.weight                                                  ├─1,769,472
│    └─1.5.weight                                                  ├─256
│    └─1.5.bias                                                    ├─256
│    └─2.0.weight                                                  ├─884,736
│    └─2.1.weight                                                  ├─128
│    └─2.1.bias                                                    ├─128
│    └─2.4.weight                                                  ├─442,368
│    └─2.5.weight                                                  ├─128
│    └─2.5.bias                                                    ├─128
│    └─3.0.weight                                                  ├─221,184
│    └─3.1.weight                                                  ├─64
│    └─3.1.bias                                                    ├─64
│    └─3.4.weight                                                  ├─110,592
│    └─3.5.weight                                                  ├─64
│    └─3.5.bias                                                    └─64
│    └─Sequential: 2-23                  [8, 64, 8, 128, 128]      --
│    │    └─0.weight                                               ├─221,184
│    │    └─1.weight                                               ├─64
│    │    └─1.bias                                                 ├─64
│    │    └─4.weight                                               ├─110,592
│    │    └─5.weight                                               ├─64
│    │    └─5.bias                                                 └─64
│    │    └─Conv3d: 3-54                 [8, 64, 8, 128, 128]      221,184
│    │    │    └─weight                                            └─221,184
│    │    └─BatchNorm3d: 3-55            [8, 64, 8, 128, 128]      128
│    │    │    └─weight                                            ├─64
│    │    │    └─bias                                              └─64
│    │    └─Dropout3d: 3-56              [8, 64, 8, 128, 128]      --
│    │    └─ReLU: 3-57                   [8, 64, 8, 128, 128]      --
│    │    └─Conv3d: 3-58                 [8, 64, 8, 128, 128]      110,592
│    │    │    └─weight                                            └─110,592
│    │    └─BatchNorm3d: 3-59            [8, 64, 8, 128, 128]      128
│    │    │    └─weight                                            ├─64
│    │    │    └─bias                                              └─64
│    │    └─ReLU: 3-60                   [8, 64, 8, 128, 128]      --
├─Conv3d: 1-18                           [8, 1, 8, 128, 128]       65
│    └─weight                                                      ├─64
│    └─bias                                                        └─1
├─Sigmoid: 1-19                          [8, 1, 8, 128, 128]       --
==========================================================================================
Total params: 87,513,281
Trainable params: 87,513,281
Non-trainable params: 0
Total mult-adds (T): 2.34
==========================================================================================
Input size (MB): 4.19
Forward/backward pass size (MB): 9202.30
Params size (MB): 350.05
Estimated Total Size (MB): 9556.55
==========================================================================================
[2025-06-09 09:53:31] Total trainable parameters: 87,513,281
[2025-06-09 09:55:15] Configuration saved to: '/home/promise/jhernandez/3d-notebooks/3d/9jun25/9jun25/models/Unet1/config/model_config.json'...
[2025-06-09 09:55:15] Using 4 blocks based on input dimensions (128, 128) and the desired feature map dimensions (8x8)

[2025-06-09 09:55:16] ==========================================================================================
Layer (type:depth-idx)                   Output Shape              Param #
==========================================================================================
UNet3D                                   [8, 1, 8, 128, 128]       --
├─ModuleList: 1-7                        --                        (recursive)
│    └─0.0.weight                                                  ├─1,728
│    └─0.1.weight                                                  ├─64
│    └─0.1.bias                                                    ├─64
│    └─0.4.weight                                                  ├─110,592
│    └─0.5.weight                                                  ├─64
│    └─0.5.bias                                                    ├─64
│    └─1.0.weight                                                  ├─221,184
│    └─1.1.weight                                                  ├─128
│    └─1.1.bias                                                    ├─128
│    └─1.4.weight                                                  ├─442,368
│    └─1.5.weight                                                  ├─128
│    └─1.5.bias                                                    ├─128
│    └─2.0.weight                                                  ├─884,736
│    └─2.1.weight                                                  ├─256
│    └─2.1.bias                                                    ├─256
│    └─2.4.weight                                                  ├─1,769,472
│    └─2.5.weight                                                  ├─256
│    └─2.5.bias                                                    ├─256
│    └─3.0.weight                                                  ├─3,538,944
│    └─3.1.weight                                                  ├─512
│    └─3.1.bias                                                    ├─512
│    └─3.4.weight                                                  ├─7,077,888
│    └─3.5.weight                                                  ├─512
│    └─3.5.bias                                                    └─512
│    └─Sequential: 2-1                   [8, 64, 8, 128, 128]      --
│    │    └─0.weight                                               ├─1,728
│    │    └─1.weight                                               ├─64
│    │    └─1.bias                                                 ├─64
│    │    └─4.weight                                               ├─110,592
│    │    └─5.weight                                               ├─64
│    │    └─5.bias                                                 └─64
│    │    └─Conv3d: 3-1                  [8, 64, 8, 128, 128]      1,728
│    │    │    └─weight                                            └─1,728
│    │    └─BatchNorm3d: 3-2             [8, 64, 8, 128, 128]      128
│    │    │    └─weight                                            ├─64
│    │    │    └─bias                                              └─64
│    │    └─Dropout3d: 3-3               [8, 64, 8, 128, 128]      --
│    │    └─ReLU: 3-4                    [8, 64, 8, 128, 128]      --
│    │    └─Conv3d: 3-5                  [8, 64, 8, 128, 128]      110,592
│    │    │    └─weight                                            └─110,592
│    │    └─BatchNorm3d: 3-6             [8, 64, 8, 128, 128]      128
│    │    │    └─weight                                            ├─64
│    │    │    └─bias                                              └─64
│    │    └─ReLU: 3-7                    [8, 64, 8, 128, 128]      --
├─ModuleList: 1-8                        --                        --
│    └─MaxPool3d: 2-2                    [8, 64, 8, 64, 64]        --
├─ModuleList: 1-7                        --                        (recursive)
│    └─0.0.weight                                                  ├─1,728
│    └─0.1.weight                                                  ├─64
│    └─0.1.bias                                                    ├─64
│    └─0.4.weight                                                  ├─110,592
│    └─0.5.weight                                                  ├─64
│    └─0.5.bias                                                    ├─64
│    └─1.0.weight                                                  ├─221,184
│    └─1.1.weight                                                  ├─128
│    └─1.1.bias                                                    ├─128
│    └─1.4.weight                                                  ├─442,368
│    └─1.5.weight                                                  ├─128
│    └─1.5.bias                                                    ├─128
│    └─2.0.weight                                                  ├─884,736
│    └─2.1.weight                                                  ├─256
│    └─2.1.bias                                                    ├─256
│    └─2.4.weight                                                  ├─1,769,472
│    └─2.5.weight                                                  ├─256
│    └─2.5.bias                                                    ├─256
│    └─3.0.weight                                                  ├─3,538,944
│    └─3.1.weight                                                  ├─512
│    └─3.1.bias                                                    ├─512
│    └─3.4.weight                                                  ├─7,077,888
│    └─3.5.weight                                                  ├─512
│    └─3.5.bias                                                    └─512
│    └─Sequential: 2-3                   [8, 128, 8, 64, 64]       --
│    │    └─0.weight                                               ├─221,184
│    │    └─1.weight                                               ├─128
│    │    └─1.bias                                                 ├─128
│    │    └─4.weight                                               ├─442,368
│    │    └─5.weight                                               ├─128
│    │    └─5.bias                                                 └─128
│    │    └─Conv3d: 3-8                  [8, 128, 8, 64, 64]       221,184
│    │    │    └─weight                                            └─221,184
│    │    └─BatchNorm3d: 3-9             [8, 128, 8, 64, 64]       256
│    │    │    └─weight                                            ├─128
│    │    │    └─bias                                              └─128
│    │    └─Dropout3d: 3-10              [8, 128, 8, 64, 64]       --
│    │    └─ReLU: 3-11                   [8, 128, 8, 64, 64]       --
│    │    └─Conv3d: 3-12                 [8, 128, 8, 64, 64]       442,368
│    │    │    └─weight                                            └─442,368
│    │    └─BatchNorm3d: 3-13            [8, 128, 8, 64, 64]       256
│    │    │    └─weight                                            ├─128
│    │    │    └─bias                                              └─128
│    │    └─ReLU: 3-14                   [8, 128, 8, 64, 64]       --
├─ModuleList: 1-8                        --                        --
│    └─MaxPool3d: 2-4                    [8, 128, 8, 32, 32]       --
├─ModuleList: 1-7                        --                        (recursive)
│    └─0.0.weight                                                  ├─1,728
│    └─0.1.weight                                                  ├─64
│    └─0.1.bias                                                    ├─64
│    └─0.4.weight                                                  ├─110,592
│    └─0.5.weight                                                  ├─64
│    └─0.5.bias                                                    ├─64
│    └─1.0.weight                                                  ├─221,184
│    └─1.1.weight                                                  ├─128
│    └─1.1.bias                                                    ├─128
│    └─1.4.weight                                                  ├─442,368
│    └─1.5.weight                                                  ├─128
│    └─1.5.bias                                                    ├─128
│    └─2.0.weight                                                  ├─884,736
│    └─2.1.weight                                                  ├─256
│    └─2.1.bias                                                    ├─256
│    └─2.4.weight                                                  ├─1,769,472
│    └─2.5.weight                                                  ├─256
│    └─2.5.bias                                                    ├─256
│    └─3.0.weight                                                  ├─3,538,944
│    └─3.1.weight                                                  ├─512
│    └─3.1.bias                                                    ├─512
│    └─3.4.weight                                                  ├─7,077,888
│    └─3.5.weight                                                  ├─512
│    └─3.5.bias                                                    └─512
│    └─Sequential: 2-5                   [8, 256, 8, 32, 32]       --
│    │    └─0.weight                                               ├─884,736
│    │    └─1.weight                                               ├─256
│    │    └─1.bias                                                 ├─256
│    │    └─4.weight                                               ├─1,769,472
│    │    └─5.weight                                               ├─256
│    │    └─5.bias                                                 └─256
│    │    └─Conv3d: 3-15                 [8, 256, 8, 32, 32]       884,736
│    │    │    └─weight                                            └─884,736
│    │    └─BatchNorm3d: 3-16            [8, 256, 8, 32, 32]       512
│    │    │    └─weight                                            ├─256
│    │    │    └─bias                                              └─256
│    │    └─Dropout3d: 3-17              [8, 256, 8, 32, 32]       --
│    │    └─ReLU: 3-18                   [8, 256, 8, 32, 32]       --
│    │    └─Conv3d: 3-19                 [8, 256, 8, 32, 32]       1,769,472
│    │    │    └─weight                                            └─1,769,472
│    │    └─BatchNorm3d: 3-20            [8, 256, 8, 32, 32]       512
│    │    │    └─weight                                            ├─256
│    │    │    └─bias                                              └─256
│    │    └─ReLU: 3-21                   [8, 256, 8, 32, 32]       --
├─ModuleList: 1-8                        --                        --
│    └─MaxPool3d: 2-6                    [8, 256, 8, 16, 16]       --
├─ModuleList: 1-7                        --                        (recursive)
│    └─0.0.weight                                                  ├─1,728
│    └─0.1.weight                                                  ├─64
│    └─0.1.bias                                                    ├─64
│    └─0.4.weight                                                  ├─110,592
│    └─0.5.weight                                                  ├─64
│    └─0.5.bias                                                    ├─64
│    └─1.0.weight                                                  ├─221,184
│    └─1.1.weight                                                  ├─128
│    └─1.1.bias                                                    ├─128
│    └─1.4.weight                                                  ├─442,368
│    └─1.5.weight                                                  ├─128
│    └─1.5.bias                                                    ├─128
│    └─2.0.weight                                                  ├─884,736
│    └─2.1.weight                                                  ├─256
│    └─2.1.bias                                                    ├─256
│    └─2.4.weight                                                  ├─1,769,472
│    └─2.5.weight                                                  ├─256
│    └─2.5.bias                                                    ├─256
│    └─3.0.weight                                                  ├─3,538,944
│    └─3.1.weight                                                  ├─512
│    └─3.1.bias                                                    ├─512
│    └─3.4.weight                                                  ├─7,077,888
│    └─3.5.weight                                                  ├─512
│    └─3.5.bias                                                    └─512
│    └─Sequential: 2-7                   [8, 512, 8, 16, 16]       --
│    │    └─0.weight                                               ├─3,538,944
│    │    └─1.weight                                               ├─512
│    │    └─1.bias                                                 ├─512
│    │    └─4.weight                                               ├─7,077,888
│    │    └─5.weight                                               ├─512
│    │    └─5.bias                                                 └─512
│    │    └─Conv3d: 3-22                 [8, 512, 8, 16, 16]       3,538,944
│    │    │    └─weight                                            └─3,538,944
│    │    └─BatchNorm3d: 3-23            [8, 512, 8, 16, 16]       1,024
│    │    │    └─weight                                            ├─512
│    │    │    └─bias                                              └─512
│    │    └─Dropout3d: 3-24              [8, 512, 8, 16, 16]       --
│    │    └─ReLU: 3-25                   [8, 512, 8, 16, 16]       --
│    │    └─Conv3d: 3-26                 [8, 512, 8, 16, 16]       7,077,888
│    │    │    └─weight                                            └─7,077,888
│    │    └─BatchNorm3d: 3-27            [8, 512, 8, 16, 16]       1,024
│    │    │    └─weight                                            ├─512
│    │    │    └─bias                                              └─512
│    │    └─ReLU: 3-28                   [8, 512, 8, 16, 16]       --
├─ModuleList: 1-8                        --                        --
│    └─MaxPool3d: 2-8                    [8, 512, 8, 8, 8]         --
├─Sequential: 1-9                        [8, 1024, 8, 8, 8]        --
│    └─0.weight                                                    ├─14,155,776
│    └─1.weight                                                    ├─1,024
│    └─1.bias                                                      ├─1,024
│    └─4.weight                                                    ├─28,311,552
│    └─5.weight                                                    ├─1,024
│    └─5.bias                                                      └─1,024
│    └─Conv3d: 2-9                       [8, 1024, 8, 8, 8]        14,155,776
│    │    └─weight                                                 └─14,155,776
│    └─BatchNorm3d: 2-10                 [8, 1024, 8, 8, 8]        2,048
│    │    └─weight                                                 ├─1,024
│    │    └─bias                                                   └─1,024
│    └─Dropout3d: 2-11                   [8, 1024, 8, 8, 8]        --
│    └─ReLU: 2-12                        [8, 1024, 8, 8, 8]        --
│    └─Conv3d: 2-13                      [8, 1024, 8, 8, 8]        28,311,552
│    │    └─weight                                                 └─28,311,552
│    └─BatchNorm3d: 2-14                 [8, 1024, 8, 8, 8]        2,048
│    │    └─weight                                                 ├─1,024
│    │    └─bias                                                   └─1,024
│    └─ReLU: 2-15                        [8, 1024, 8, 8, 8]        --
├─ModuleList: 1-16                       --                        (recursive)
│    └─0.0.weight                                                  ├─2,097,152
│    └─0.0.bias                                                    ├─512
│    └─1.0.weight                                                  ├─524,288
│    └─1.0.bias                                                    ├─256
│    └─2.0.weight                                                  ├─131,072
│    └─2.0.bias                                                    ├─128
│    └─3.0.weight                                                  ├─32,768
│    └─3.0.bias                                                    └─64
│    └─Sequential: 2-16                  [8, 512, 8, 16, 16]       --
│    │    └─0.weight                                               ├─2,097,152
│    │    └─0.bias                                                 └─512
│    │    └─ConvTranspose3d: 3-29        [8, 512, 8, 16, 16]       2,097,664
│    │    │    └─weight                                            ├─2,097,152
│    │    │    └─bias                                              └─512
├─ModuleList: 1-17                       --                        (recursive)
│    └─0.0.weight                                                  ├─14,155,776
│    └─0.1.weight                                                  ├─512
│    └─0.1.bias                                                    ├─512
│    └─0.4.weight                                                  ├─7,077,888
│    └─0.5.weight                                                  ├─512
│    └─0.5.bias                                                    ├─512
│    └─1.0.weight                                                  ├─3,538,944
│    └─1.1.weight                                                  ├─256
│    └─1.1.bias                                                    ├─256
│    └─1.4.weight                                                  ├─1,769,472
│    └─1.5.weight                                                  ├─256
│    └─1.5.bias                                                    ├─256
│    └─2.0.weight                                                  ├─884,736
│    └─2.1.weight                                                  ├─128
│    └─2.1.bias                                                    ├─128
│    └─2.4.weight                                                  ├─442,368
│    └─2.5.weight                                                  ├─128
│    └─2.5.bias                                                    ├─128
│    └─3.0.weight                                                  ├─221,184
│    └─3.1.weight                                                  ├─64
│    └─3.1.bias                                                    ├─64
│    └─3.4.weight                                                  ├─110,592
│    └─3.5.weight                                                  ├─64
│    └─3.5.bias                                                    └─64
│    └─Sequential: 2-17                  [8, 512, 8, 16, 16]       --
│    │    └─0.weight                                               ├─14,155,776
│    │    └─1.weight                                               ├─512
│    │    └─1.bias                                                 ├─512
│    │    └─4.weight                                               ├─7,077,888
│    │    └─5.weight                                               ├─512
│    │    └─5.bias                                                 └─512
│    │    └─Conv3d: 3-30                 [8, 512, 8, 16, 16]       14,155,776
│    │    │    └─weight                                            └─14,155,776
│    │    └─BatchNorm3d: 3-31            [8, 512, 8, 16, 16]       1,024
│    │    │    └─weight                                            ├─512
│    │    │    └─bias                                              └─512
│    │    └─Dropout3d: 3-32              [8, 512, 8, 16, 16]       --
│    │    └─ReLU: 3-33                   [8, 512, 8, 16, 16]       --
│    │    └─Conv3d: 3-34                 [8, 512, 8, 16, 16]       7,077,888
│    │    │    └─weight                                            └─7,077,888
│    │    └─BatchNorm3d: 3-35            [8, 512, 8, 16, 16]       1,024
│    │    │    └─weight                                            ├─512
│    │    │    └─bias                                              └─512
│    │    └─ReLU: 3-36                   [8, 512, 8, 16, 16]       --
├─ModuleList: 1-16                       --                        (recursive)
│    └─0.0.weight                                                  ├─2,097,152
│    └─0.0.bias                                                    ├─512
│    └─1.0.weight                                                  ├─524,288
│    └─1.0.bias                                                    ├─256
│    └─2.0.weight                                                  ├─131,072
│    └─2.0.bias                                                    ├─128
│    └─3.0.weight                                                  ├─32,768
│    └─3.0.bias                                                    └─64
│    └─Sequential: 2-18                  [8, 256, 8, 32, 32]       --
│    │    └─0.weight                                               ├─524,288
│    │    └─0.bias                                                 └─256
│    │    └─ConvTranspose3d: 3-37        [8, 256, 8, 32, 32]       524,544
│    │    │    └─weight                                            ├─524,288
│    │    │    └─bias                                              └─256
├─ModuleList: 1-17                       --                        (recursive)
│    └─0.0.weight                                                  ├─14,155,776
│    └─0.1.weight                                                  ├─512
│    └─0.1.bias                                                    ├─512
│    └─0.4.weight                                                  ├─7,077,888
│    └─0.5.weight                                                  ├─512
│    └─0.5.bias                                                    ├─512
│    └─1.0.weight                                                  ├─3,538,944
│    └─1.1.weight                                                  ├─256
│    └─1.1.bias                                                    ├─256
│    └─1.4.weight                                                  ├─1,769,472
│    └─1.5.weight                                                  ├─256
│    └─1.5.bias                                                    ├─256
│    └─2.0.weight                                                  ├─884,736
│    └─2.1.weight                                                  ├─128
│    └─2.1.bias                                                    ├─128
│    └─2.4.weight                                                  ├─442,368
│    └─2.5.weight                                                  ├─128
│    └─2.5.bias                                                    ├─128
│    └─3.0.weight                                                  ├─221,184
│    └─3.1.weight                                                  ├─64
│    └─3.1.bias                                                    ├─64
│    └─3.4.weight                                                  ├─110,592
│    └─3.5.weight                                                  ├─64
│    └─3.5.bias                                                    └─64
│    └─Sequential: 2-19                  [8, 256, 8, 32, 32]       --
│    │    └─0.weight                                               ├─3,538,944
│    │    └─1.weight                                               ├─256
│    │    └─1.bias                                                 ├─256
│    │    └─4.weight                                               ├─1,769,472
│    │    └─5.weight                                               ├─256
│    │    └─5.bias                                                 └─256
│    │    └─Conv3d: 3-38                 [8, 256, 8, 32, 32]       3,538,944
│    │    │    └─weight                                            └─3,538,944
│    │    └─BatchNorm3d: 3-39            [8, 256, 8, 32, 32]       512
│    │    │    └─weight                                            ├─256
│    │    │    └─bias                                              └─256
│    │    └─Dropout3d: 3-40              [8, 256, 8, 32, 32]       --
│    │    └─ReLU: 3-41                   [8, 256, 8, 32, 32]       --
│    │    └─Conv3d: 3-42                 [8, 256, 8, 32, 32]       1,769,472
│    │    │    └─weight                                            └─1,769,472
│    │    └─BatchNorm3d: 3-43            [8, 256, 8, 32, 32]       512
│    │    │    └─weight                                            ├─256
│    │    │    └─bias                                              └─256
│    │    └─ReLU: 3-44                   [8, 256, 8, 32, 32]       --
├─ModuleList: 1-16                       --                        (recursive)
│    └─0.0.weight                                                  ├─2,097,152
│    └─0.0.bias                                                    ├─512
│    └─1.0.weight                                                  ├─524,288
│    └─1.0.bias                                                    ├─256
│    └─2.0.weight                                                  ├─131,072
│    └─2.0.bias                                                    ├─128
│    └─3.0.weight                                                  ├─32,768
│    └─3.0.bias                                                    └─64
│    └─Sequential: 2-20                  [8, 128, 8, 64, 64]       --
│    │    └─0.weight                                               ├─131,072
│    │    └─0.bias                                                 └─128
│    │    └─ConvTranspose3d: 3-45        [8, 128, 8, 64, 64]       131,200
│    │    │    └─weight                                            ├─131,072
│    │    │    └─bias                                              └─128
├─ModuleList: 1-17                       --                        (recursive)
│    └─0.0.weight                                                  ├─14,155,776
│    └─0.1.weight                                                  ├─512
│    └─0.1.bias                                                    ├─512
│    └─0.4.weight                                                  ├─7,077,888
│    └─0.5.weight                                                  ├─512
│    └─0.5.bias                                                    ├─512
│    └─1.0.weight                                                  ├─3,538,944
│    └─1.1.weight                                                  ├─256
│    └─1.1.bias                                                    ├─256
│    └─1.4.weight                                                  ├─1,769,472
│    └─1.5.weight                                                  ├─256
│    └─1.5.bias                                                    ├─256
│    └─2.0.weight                                                  ├─884,736
│    └─2.1.weight                                                  ├─128
│    └─2.1.bias                                                    ├─128
│    └─2.4.weight                                                  ├─442,368
│    └─2.5.weight                                                  ├─128
│    └─2.5.bias                                                    ├─128
│    └─3.0.weight                                                  ├─221,184
│    └─3.1.weight                                                  ├─64
│    └─3.1.bias                                                    ├─64
│    └─3.4.weight                                                  ├─110,592
│    └─3.5.weight                                                  ├─64
│    └─3.5.bias                                                    └─64
│    └─Sequential: 2-21                  [8, 128, 8, 64, 64]       --
│    │    └─0.weight                                               ├─884,736
│    │    └─1.weight                                               ├─128
│    │    └─1.bias                                                 ├─128
│    │    └─4.weight                                               ├─442,368
│    │    └─5.weight                                               ├─128
│    │    └─5.bias                                                 └─128
│    │    └─Conv3d: 3-46                 [8, 128, 8, 64, 64]       884,736
│    │    │    └─weight                                            └─884,736
│    │    └─BatchNorm3d: 3-47            [8, 128, 8, 64, 64]       256
│    │    │    └─weight                                            ├─128
│    │    │    └─bias                                              └─128
│    │    └─Dropout3d: 3-48              [8, 128, 8, 64, 64]       --
│    │    └─ReLU: 3-49                   [8, 128, 8, 64, 64]       --
│    │    └─Conv3d: 3-50                 [8, 128, 8, 64, 64]       442,368
│    │    │    └─weight                                            └─442,368
│    │    └─BatchNorm3d: 3-51            [8, 128, 8, 64, 64]       256
│    │    │    └─weight                                            ├─128
│    │    │    └─bias                                              └─128
│    │    └─ReLU: 3-52                   [8, 128, 8, 64, 64]       --
├─ModuleList: 1-16                       --                        (recursive)
│    └─0.0.weight                                                  ├─2,097,152
│    └─0.0.bias                                                    ├─512
│    └─1.0.weight                                                  ├─524,288
│    └─1.0.bias                                                    ├─256
│    └─2.0.weight                                                  ├─131,072
│    └─2.0.bias                                                    ├─128
│    └─3.0.weight                                                  ├─32,768
│    └─3.0.bias                                                    └─64
│    └─Sequential: 2-22                  [8, 64, 8, 128, 128]      --
│    │    └─0.weight                                               ├─32,768
│    │    └─0.bias                                                 └─64
│    │    └─ConvTranspose3d: 3-53        [8, 64, 8, 128, 128]      32,832
│    │    │    └─weight                                            ├─32,768
│    │    │    └─bias                                              └─64
├─ModuleList: 1-17                       --                        (recursive)
│    └─0.0.weight                                                  ├─14,155,776
│    └─0.1.weight                                                  ├─512
│    └─0.1.bias                                                    ├─512
│    └─0.4.weight                                                  ├─7,077,888
│    └─0.5.weight                                                  ├─512
│    └─0.5.bias                                                    ├─512
│    └─1.0.weight                                                  ├─3,538,944
│    └─1.1.weight                                                  ├─256
│    └─1.1.bias                                                    ├─256
│    └─1.4.weight                                                  ├─1,769,472
│    └─1.5.weight                                                  ├─256
│    └─1.5.bias                                                    ├─256
│    └─2.0.weight                                                  ├─884,736
│    └─2.1.weight                                                  ├─128
│    └─2.1.bias                                                    ├─128
│    └─2.4.weight                                                  ├─442,368
│    └─2.5.weight                                                  ├─128
│    └─2.5.bias                                                    ├─128
│    └─3.0.weight                                                  ├─221,184
│    └─3.1.weight                                                  ├─64
│    └─3.1.bias                                                    ├─64
│    └─3.4.weight                                                  ├─110,592
│    └─3.5.weight                                                  ├─64
│    └─3.5.bias                                                    └─64
│    └─Sequential: 2-23                  [8, 64, 8, 128, 128]      --
│    │    └─0.weight                                               ├─221,184
│    │    └─1.weight                                               ├─64
│    │    └─1.bias                                                 ├─64
│    │    └─4.weight                                               ├─110,592
│    │    └─5.weight                                               ├─64
│    │    └─5.bias                                                 └─64
│    │    └─Conv3d: 3-54                 [8, 64, 8, 128, 128]      221,184
│    │    │    └─weight                                            └─221,184
│    │    └─BatchNorm3d: 3-55            [8, 64, 8, 128, 128]      128
│    │    │    └─weight                                            ├─64
│    │    │    └─bias                                              └─64
│    │    └─Dropout3d: 3-56              [8, 64, 8, 128, 128]      --
│    │    └─ReLU: 3-57                   [8, 64, 8, 128, 128]      --
│    │    └─Conv3d: 3-58                 [8, 64, 8, 128, 128]      110,592
│    │    │    └─weight                                            └─110,592
│    │    └─BatchNorm3d: 3-59            [8, 64, 8, 128, 128]      128
│    │    │    └─weight                                            ├─64
│    │    │    └─bias                                              └─64
│    │    └─ReLU: 3-60                   [8, 64, 8, 128, 128]      --
├─Conv3d: 1-18                           [8, 1, 8, 128, 128]       65
│    └─weight                                                      ├─64
│    └─bias                                                        └─1
├─Sigmoid: 1-19                          [8, 1, 8, 128, 128]       --
==========================================================================================
Total params: 87,513,281
Trainable params: 87,513,281
Non-trainable params: 0
Total mult-adds (T): 2.34
==========================================================================================
Input size (MB): 4.19
Forward/backward pass size (MB): 9202.30
Params size (MB): 350.05
Estimated Total Size (MB): 9556.55
==========================================================================================
[2025-06-09 09:55:16] Total trainable parameters: 87,513,281
